2014-12-28 20:45:18 5480 [Note] Plugin 'FEDERATED' is disabled.
2014-12-28 20:45:18 5480 [Note] InnoDB: The InnoDB memory heap is disabled
2014-12-28 20:45:18 5480 [Note] InnoDB: Mutexes and rw_locks use Windows interlocked functions
2014-12-28 20:45:18 5480 [Note] InnoDB: Compressed tables use zlib 1.2.3
2014-12-28 20:45:18 5480 [Note] InnoDB: Not using CPU crc32 instructions
2014-12-28 20:45:18 5480 [Note] InnoDB: Initializing buffer pool, size = 128.0M
2014-12-28 20:45:18 5480 [Note] InnoDB: Completed initialization of buffer pool
2014-12-28 20:45:18 5480 [Note] InnoDB: Setting log file C:\Users\Cindy\Desktop\USBWebserver v8.6\mysql\data\ib_logfile101 size to 5 MB
2014-12-28 20:45:19 5480 [Note] InnoDB: Setting log file C:\Users\Cindy\Desktop\USBWebserver v8.6\mysql\data\ib_logfile1 size to 5 MB
2014-12-28 20:45:19 5480 [Note] InnoDB: Renaming log file C:\Users\Cindy\Desktop\USBWebserver v8.6\mysql\data\ib_logfile101 to C:\Users\Cindy\Desktop\USBWebserver v8.6\mysql\data\ib_logfile0
2014-12-28 20:45:19 5480 [Warning] InnoDB: New log files created, LSN=1626134
2014-12-28 20:45:19 5480 [Note] InnoDB: Highest supported file format is Barracuda.
2014-12-28 20:45:19 5480 [Note] InnoDB: 128 rollback segment(s) are active.
2014-12-28 20:45:19 5480 [Note] InnoDB: Waiting for purge to start
2014-12-28 20:45:20 5480 [Note] InnoDB: 5.6.13 started; log sequence number 1626636
2014-12-28 20:45:20 5480 [Warning] No existing UUID has been found, so we assume that this is the first time that this server has been started. Generating a new UUID: 0e377320-8eca-11e4-ab4b-5cff350dc74e.
2014-12-28 20:45:20 5480 [Note] Server hostname (bind-address): '*'; port: 3307
2014-12-28 20:45:20 5480 [Note] IPv6 is available.
2014-12-28 20:45:20 5480 [Note]   - '::' resolves to '::';
2014-12-28 20:45:20 5480 [Note] Server socket created on IP: '::'.
2014-12-28 20:45:20 5480 [Note] Event Scheduler: Loaded 0 events
2014-12-28 20:45:20 5480 [Note] C:\Users\Cindy\Desktop\USBWebserver v8.6/mysql/bin/mysqld_usbwv8.exe: ready for connections.
Version: '5.6.13'  socket: ''  port: 3307  MySQL Community Server (GPL)
2014-12-28 20:57:56 3200 [Note] Plugin 'FEDERATED' is disabled.
2014-12-28 20:57:56 3200 [Note] InnoDB: The InnoDB memory heap is disabled
2014-12-28 20:57:56 3200 [Note] InnoDB: Mutexes and rw_locks use Windows interlocked functions
2014-12-28 20:57:56 3200 [Note] InnoDB: Compressed tables use zlib 1.2.3
2014-12-28 20:57:56 3200 [Note] InnoDB: Not using CPU crc32 instructions
2014-12-28 20:57:56 3200 [Note] InnoDB: Initializing buffer pool, size = 128.0M
2014-12-28 20:57:56 3200 [Note] InnoDB: Completed initialization of buffer pool
2014-12-28 20:57:56 3200 [Note] InnoDB: Highest supported file format is Barracuda.
2014-12-28 20:57:56 3200 [Note] InnoDB: The log sequence numbers 1626134 and 1626134 in ibdata files do not match the log sequence number 1626646 in the ib_logfiles!
2014-12-28 20:57:56 3200 [Note] InnoDB: Database was not shutdown normally!
2014-12-28 20:57:56 3200 [Note] InnoDB: Starting crash recovery.
2014-12-28 20:57:56 3200 [Note] InnoDB: Reading tablespace information from the .ibd files...
2014-12-28 20:57:56 3200 [Note] InnoDB: Restoring possible half-written data pages 
2014-12-28 20:57:56 3200 [Note] InnoDB: from the doublewrite buffer...
2014-12-28 20:57:57 3200 [Note] InnoDB: 128 rollback segment(s) are active.
2014-12-28 20:57:57 3200 [Note] InnoDB: Waiting for purge to start
2014-12-28 20:57:57 3200 [Note] InnoDB: 5.6.13 started; log sequence number 1626646
2014-12-28 20:57:57 3200 [Note] Server hostname (bind-address): '*'; port: 3307
2014-12-28 20:57:57 3200 [Note] IPv6 is available.
2014-12-28 20:57:57 3200 [Note]   - '::' resolves to '::';
2014-12-28 20:57:57 3200 [Note] Server socket created on IP: '::'.
2014-12-28 20:57:57 3200 [Note] Event Scheduler: Loaded 0 events
2014-12-28 20:57:57 3200 [Note] C:\Users\Cindy\Desktop\USBWebserver v8.6/mysql/bin/mysqld_usbwv8.exe: ready for connections.
Version: '5.6.13'  socket: ''  port: 3307  MySQL Community Server (GPL)
2014-12-28 21:01:10 6988 [Note] Plugin 'FEDERATED' is disabled.
2014-12-28 21:01:10 6988 [Note] InnoDB: The InnoDB memory heap is disabled
2014-12-28 21:01:10 6988 [Note] InnoDB: Mutexes and rw_locks use Windows interlocked functions
2014-12-28 21:01:10 6988 [Note] InnoDB: Compressed tables use zlib 1.2.3
2014-12-28 21:01:10 6988 [Note] InnoDB: Not using CPU crc32 instructions
2014-12-28 21:01:10 6988 [Note] InnoDB: Initializing buffer pool, size = 128.0M
2014-12-28 21:01:10 6988 [Note] InnoDB: Completed initialization of buffer pool
2014-12-28 21:01:10 6988 [Note] InnoDB: Highest supported file format is Barracuda.
2014-12-28 21:01:10 6988 [Note] InnoDB: The log sequence numbers 1626134 and 1626134 in ibdata files do not match the log sequence number 1626656 in the ib_logfiles!
2014-12-28 21:01:10 6988 [Note] InnoDB: Database was not shutdown normally!
2014-12-28 21:01:10 6988 [Note] InnoDB: Starting crash recovery.
2014-12-28 21:01:10 6988 [Note] InnoDB: Reading tablespace information from the .ibd files...
2014-12-28 21:01:11 6988 [Note] InnoDB: Restoring possible half-written data pages 
2014-12-28 21:01:11 6988 [Note] InnoDB: from the doublewrite buffer...
2014-12-28 21:01:11 6988 [Note] InnoDB: 128 rollback segment(s) are active.
2014-12-28 21:01:11 6988 [Note] InnoDB: Waiting for purge to start
2014-12-28 21:01:11 6988 [Note] InnoDB: 5.6.13 started; log sequence number 1626656
2014-12-28 21:01:11 6988 [Note] Server hostname (bind-address): '*'; port: 3307
2014-12-28 21:01:11 6988 [Note] IPv6 is available.
2014-12-28 21:01:11 6988 [Note]   - '::' resolves to '::';
2014-12-28 21:01:11 6988 [Note] Server socket created on IP: '::'.
2014-12-28 21:01:11 6988 [Note] Event Scheduler: Loaded 0 events
2014-12-28 21:01:11 6988 [Note] C:\Users\Cindy\Desktop\USBWebserver v8.6/mysql/bin/mysqld_usbwv8.exe: ready for connections.
Version: '5.6.13'  socket: ''  port: 3307  MySQL Community Server (GPL)
