2015-02-02 13:19:01 4604 [Note] Plugin 'FEDERATED' is disabled.
2015-02-02 13:19:01 4604 [Note] InnoDB: The InnoDB memory heap is disabled
2015-02-02 13:19:01 4604 [Note] InnoDB: Mutexes and rw_locks use Windows interlocked functions
2015-02-02 13:19:01 4604 [Note] InnoDB: Compressed tables use zlib 1.2.3
2015-02-02 13:19:01 4604 [Note] InnoDB: Not using CPU crc32 instructions
2015-02-02 13:19:01 4604 [Note] InnoDB: Initializing buffer pool, size = 128.0M
2015-02-02 13:19:01 4604 [Note] InnoDB: Completed initialization of buffer pool
2015-02-02 13:19:01 4604 [Note] InnoDB: Highest supported file format is Barracuda.
2015-02-02 13:19:01 4604 [Note] InnoDB: The log sequence numbers 1626134 and 1626134 in ibdata files do not match the log sequence number 1626696 in the ib_logfiles!
2015-02-02 13:19:01 4604 [Note] InnoDB: Database was not shutdown normally!
2015-02-02 13:19:01 4604 [Note] InnoDB: Starting crash recovery.
2015-02-02 13:19:01 4604 [Note] InnoDB: Reading tablespace information from the .ibd files...
2015-02-02 13:19:01 4604 [Note] InnoDB: Restoring possible half-written data pages 
2015-02-02 13:19:01 4604 [Note] InnoDB: from the doublewrite buffer...
2015-02-02 13:19:02 4604 [Note] InnoDB: 128 rollback segment(s) are active.
2015-02-02 13:19:02 4604 [Note] InnoDB: Waiting for purge to start
2015-02-02 13:19:02 4604 [Note] InnoDB: 5.6.13 started; log sequence number 1626696
2015-02-02 13:19:02 4604 [Note] Server hostname (bind-address): '*'; port: 3307
2015-02-02 13:19:02 4604 [Note] IPv6 is available.
2015-02-02 13:19:02 4604 [Note]   - '::' resolves to '::';
2015-02-02 13:19:02 4604 [Note] Server socket created on IP: '::'.
2015-02-02 13:19:02 4604 [Note] Event Scheduler: Loaded 0 events
2015-02-02 13:19:02 4604 [Note] D:\DATA\demartaro\ICH133\demartaro-ich133\WebServer/mysql/bin/mysqld_usbwv8.exe: ready for connections.
Version: '5.6.13'  socket: ''  port: 3307  MySQL Community Server (GPL)
2015-02-06 13:15:09 5436 [Note] Plugin 'FEDERATED' is disabled.
2015-02-06 13:15:10 5436 [Note] InnoDB: The InnoDB memory heap is disabled
2015-02-06 13:15:10 5436 [Note] InnoDB: Mutexes and rw_locks use Windows interlocked functions
2015-02-06 13:15:10 5436 [Note] InnoDB: Compressed tables use zlib 1.2.3
2015-02-06 13:15:10 5436 [Note] InnoDB: Not using CPU crc32 instructions
2015-02-06 13:15:10 5436 [Note] InnoDB: Initializing buffer pool, size = 128.0M
2015-02-06 13:15:10 5436 [Note] InnoDB: Completed initialization of buffer pool
2015-02-06 13:15:10 5436 [Note] InnoDB: Highest supported file format is Barracuda.
2015-02-06 13:15:10 5436 [Note] InnoDB: The log sequence numbers 1626134 and 1626134 in ibdata files do not match the log sequence number 1626706 in the ib_logfiles!
2015-02-06 13:15:10 5436 [Note] InnoDB: Database was not shutdown normally!
2015-02-06 13:15:10 5436 [Note] InnoDB: Starting crash recovery.
2015-02-06 13:15:10 5436 [Note] InnoDB: Reading tablespace information from the .ibd files...
2015-02-06 13:15:10 5436 [Note] InnoDB: Restoring possible half-written data pages 
2015-02-06 13:15:10 5436 [Note] InnoDB: from the doublewrite buffer...
2015-02-06 13:15:12 5436 [Note] InnoDB: 128 rollback segment(s) are active.
2015-02-06 13:15:12 5436 [Note] InnoDB: Waiting for purge to start
2015-02-06 13:15:13 5436 [Note] InnoDB: 5.6.13 started; log sequence number 1626706
2015-02-06 13:15:13 5436 [Note] Server hostname (bind-address): '*'; port: 3307
2015-02-06 13:15:13 5436 [Note] IPv6 is available.
2015-02-06 13:15:13 5436 [Note]   - '::' resolves to '::';
2015-02-06 13:15:13 5436 [Note] Server socket created on IP: '::'.
2015-02-06 13:15:16 5436 [Note] Event Scheduler: Loaded 0 events
2015-02-06 13:15:16 5436 [Note] D:\DATA\demartaro\ICH133\demartaro-ich133\WebServer/mysql/bin/mysqld_usbwv8.exe: ready for connections.
Version: '5.6.13'  socket: ''  port: 3307  MySQL Community Server (GPL)
2015-02-09 12:55:17 5236 [Note] Plugin 'FEDERATED' is disabled.
2015-02-09 12:55:17 5236 [Note] InnoDB: The InnoDB memory heap is disabled
2015-02-09 12:55:17 5236 [Note] InnoDB: Mutexes and rw_locks use Windows interlocked functions
2015-02-09 12:55:17 5236 [Note] InnoDB: Compressed tables use zlib 1.2.3
2015-02-09 12:55:17 5236 [Note] InnoDB: Not using CPU crc32 instructions
2015-02-09 12:55:17 5236 [Note] InnoDB: Initializing buffer pool, size = 128.0M
2015-02-09 12:55:17 5236 [Note] InnoDB: Completed initialization of buffer pool
2015-02-09 12:55:17 5236 [Note] InnoDB: Highest supported file format is Barracuda.
2015-02-09 12:55:17 5236 [Note] InnoDB: The log sequence numbers 1626134 and 1626134 in ibdata files do not match the log sequence number 1626716 in the ib_logfiles!
2015-02-09 12:55:17 5236 [Note] InnoDB: Database was not shutdown normally!
2015-02-09 12:55:17 5236 [Note] InnoDB: Starting crash recovery.
2015-02-09 12:55:17 5236 [Note] InnoDB: Reading tablespace information from the .ibd files...
2015-02-09 12:55:17 5236 [Note] InnoDB: Restoring possible half-written data pages 
2015-02-09 12:55:17 5236 [Note] InnoDB: from the doublewrite buffer...
2015-02-09 12:55:18 5236 [Note] InnoDB: 128 rollback segment(s) are active.
2015-02-09 12:55:18 5236 [Note] InnoDB: Waiting for purge to start
2015-02-09 12:55:18 5236 [Note] InnoDB: 5.6.13 started; log sequence number 1626716
2015-02-09 12:55:18 5236 [Note] Server hostname (bind-address): '*'; port: 3307
2015-02-09 12:55:18 5236 [Note] IPv6 is available.
2015-02-09 12:55:18 5236 [Note]   - '::' resolves to '::';
2015-02-09 12:55:18 5236 [Note] Server socket created on IP: '::'.
2015-02-09 12:55:18 5236 [Note] Event Scheduler: Loaded 0 events
2015-02-09 12:55:18 5236 [Note] D:\DATA\demartaro\ICH133\demartaro-ich133\WebServer/mysql/bin/mysqld_usbwv8.exe: ready for connections.
Version: '5.6.13'  socket: ''  port: 3307  MySQL Community Server (GPL)
2015-02-13 13:20:40 4056 [Note] Plugin 'FEDERATED' is disabled.
2015-02-13 13:20:40 4056 [Note] InnoDB: The InnoDB memory heap is disabled
2015-02-13 13:20:40 4056 [Note] InnoDB: Mutexes and rw_locks use Windows interlocked functions
2015-02-13 13:20:40 4056 [Note] InnoDB: Compressed tables use zlib 1.2.3
2015-02-13 13:20:40 4056 [Note] InnoDB: Not using CPU crc32 instructions
2015-02-13 13:20:40 4056 [Note] InnoDB: Initializing buffer pool, size = 128.0M
2015-02-13 13:20:40 4056 [Note] InnoDB: Completed initialization of buffer pool
2015-02-13 13:20:40 4056 [Note] InnoDB: Highest supported file format is Barracuda.
2015-02-13 13:20:40 4056 [Note] InnoDB: The log sequence numbers 1626134 and 1626134 in ibdata files do not match the log sequence number 1626726 in the ib_logfiles!
2015-02-13 13:20:40 4056 [Note] InnoDB: Database was not shutdown normally!
2015-02-13 13:20:40 4056 [Note] InnoDB: Starting crash recovery.
2015-02-13 13:20:40 4056 [Note] InnoDB: Reading tablespace information from the .ibd files...
2015-02-13 13:20:40 4056 [Note] InnoDB: Restoring possible half-written data pages 
2015-02-13 13:20:40 4056 [Note] InnoDB: from the doublewrite buffer...
2015-02-13 13:20:41 4056 [Note] InnoDB: 128 rollback segment(s) are active.
2015-02-13 13:20:41 4056 [Note] InnoDB: Waiting for purge to start
2015-02-13 13:20:41 4056 [Note] InnoDB: 5.6.13 started; log sequence number 1626726
2015-02-13 13:20:41 4056 [Note] Server hostname (bind-address): '*'; port: 3307
2015-02-13 13:20:42 4056 [Note] IPv6 is available.
2015-02-13 13:20:42 4056 [Note]   - '::' resolves to '::';
2015-02-13 13:20:42 4056 [Note] Server socket created on IP: '::'.
2015-02-13 13:20:42 4056 [Note] Event Scheduler: Loaded 0 events
2015-02-13 13:20:42 4056 [Note] D:\DATA\demartaro\ICH133\demartaro-ich133\WebServer/mysql/bin/mysqld_usbwv8.exe: ready for connections.
Version: '5.6.13'  socket: ''  port: 3307  MySQL Community Server (GPL)
2015-02-16 12:24:02 6064 [Note] Plugin 'FEDERATED' is disabled.
2015-02-16 12:24:02 6064 [Note] InnoDB: The InnoDB memory heap is disabled
2015-02-16 12:24:02 6064 [Note] InnoDB: Mutexes and rw_locks use Windows interlocked functions
2015-02-16 12:24:02 6064 [Note] InnoDB: Compressed tables use zlib 1.2.3
2015-02-16 12:24:02 6064 [Note] InnoDB: Not using CPU crc32 instructions
2015-02-16 12:24:02 6064 [Note] InnoDB: Initializing buffer pool, size = 128.0M
2015-02-16 12:24:02 6064 [Note] InnoDB: Completed initialization of buffer pool
2015-02-16 12:24:02 6064 [Note] InnoDB: Highest supported file format is Barracuda.
2015-02-16 12:24:02 6064 [Note] InnoDB: The log sequence numbers 1626134 and 1626134 in ibdata files do not match the log sequence number 1626736 in the ib_logfiles!
2015-02-16 12:24:02 6064 [Note] InnoDB: Database was not shutdown normally!
2015-02-16 12:24:02 6064 [Note] InnoDB: Starting crash recovery.
2015-02-16 12:24:02 6064 [Note] InnoDB: Reading tablespace information from the .ibd files...
2015-02-16 12:24:04 6064 [Note] InnoDB: Restoring possible half-written data pages 
2015-02-16 12:24:04 6064 [Note] InnoDB: from the doublewrite buffer...
2015-02-16 12:24:05 6064 [Note] InnoDB: 128 rollback segment(s) are active.
2015-02-16 12:24:05 6064 [Note] InnoDB: Waiting for purge to start
2015-02-16 12:24:05 6064 [Note] InnoDB: 5.6.13 started; log sequence number 1626736
2015-02-16 12:24:05 6064 [Note] Server hostname (bind-address): '*'; port: 3307
2015-02-16 12:24:05 6064 [Note] IPv6 is available.
2015-02-16 12:24:05 6064 [Note]   - '::' resolves to '::';
2015-02-16 12:24:05 6064 [Note] Server socket created on IP: '::'.
2015-02-16 12:24:13 6064 [Note] Event Scheduler: Loaded 0 events
2015-02-16 12:24:13 6064 [Note] D:\DATA\demartaro\ICH133\demartaro-ich133\WebServer/mysql/bin/mysqld_usbwv8.exe: ready for connections.
Version: '5.6.13'  socket: ''  port: 3307  MySQL Community Server (GPL)
2015-02-20 13:27:06 5388 [Note] Plugin 'FEDERATED' is disabled.
2015-02-20 13:27:06 5388 [Note] InnoDB: The InnoDB memory heap is disabled
2015-02-20 13:27:06 5388 [Note] InnoDB: Mutexes and rw_locks use Windows interlocked functions
2015-02-20 13:27:06 5388 [Note] InnoDB: Compressed tables use zlib 1.2.3
2015-02-20 13:27:06 5388 [Note] InnoDB: Not using CPU crc32 instructions
2015-02-20 13:27:06 5388 [Note] InnoDB: Initializing buffer pool, size = 128.0M
2015-02-20 13:27:06 5388 [Note] InnoDB: Completed initialization of buffer pool
2015-02-20 13:27:06 5388 [Note] InnoDB: Highest supported file format is Barracuda.
2015-02-20 13:27:06 5388 [Note] InnoDB: The log sequence numbers 1626134 and 1626134 in ibdata files do not match the log sequence number 1626746 in the ib_logfiles!
2015-02-20 13:27:06 5388 [Note] InnoDB: Database was not shutdown normally!
2015-02-20 13:27:06 5388 [Note] InnoDB: Starting crash recovery.
2015-02-20 13:27:06 5388 [Note] InnoDB: Reading tablespace information from the .ibd files...
2015-02-20 13:27:06 5388 [Note] InnoDB: Restoring possible half-written data pages 
2015-02-20 13:27:06 5388 [Note] InnoDB: from the doublewrite buffer...
2015-02-20 13:27:06 5388 [Note] InnoDB: 128 rollback segment(s) are active.
2015-02-20 13:27:06 5388 [Note] InnoDB: Waiting for purge to start
2015-02-20 13:27:06 5388 [Note] InnoDB: 5.6.13 started; log sequence number 1626746
2015-02-20 13:27:06 5388 [Note] Server hostname (bind-address): '*'; port: 3307
2015-02-20 13:27:06 5388 [Note] IPv6 is available.
2015-02-20 13:27:06 5388 [Note]   - '::' resolves to '::';
2015-02-20 13:27:06 5388 [Note] Server socket created on IP: '::'.
2015-02-20 13:27:07 5388 [Note] Event Scheduler: Loaded 0 events
2015-02-20 13:27:07 5388 [Note] D:\DATA\demartaro\ICH133\demartaro-ich133\WebServer/mysql/bin/mysqld_usbwv8.exe: ready for connections.
Version: '5.6.13'  socket: ''  port: 3307  MySQL Community Server (GPL)
