2019-12-20 10:48:33 7480 [Note] Plugin 'FEDERATED' is disabled.
2019-12-20 10:48:33 7480 [Note] InnoDB: The InnoDB memory heap is disabled
2019-12-20 10:48:33 7480 [Note] InnoDB: Mutexes and rw_locks use Windows interlocked functions
2019-12-20 10:48:33 7480 [Note] InnoDB: Compressed tables use zlib 1.2.3
2019-12-20 10:48:33 7480 [Note] InnoDB: Not using CPU crc32 instructions
2019-12-20 10:48:33 7480 [Note] InnoDB: Initializing buffer pool, size = 128.0M
2019-12-20 10:48:33 7480 [Note] InnoDB: Completed initialization of buffer pool
2019-12-20 10:48:33 7480 [Note] InnoDB: Highest supported file format is Barracuda.
2019-12-20 10:48:33 7480 [Note] InnoDB: The log sequence numbers 1627162 and 1627162 in ibdata files do not match the log sequence number 5516692 in the ib_logfiles!
2019-12-20 10:48:33 7480 [Note] InnoDB: Database was not shutdown normally!
2019-12-20 10:48:33 7480 [Note] InnoDB: Starting crash recovery.
2019-12-20 10:48:33 7480 [Note] InnoDB: Reading tablespace information from the .ibd files...
2019-12-20 10:48:33 7480 [Note] InnoDB: Restoring possible half-written data pages 
2019-12-20 10:48:33 7480 [Note] InnoDB: from the doublewrite buffer...
2019-12-20 10:48:33 7480 [Note] InnoDB: 128 rollback segment(s) are active.
2019-12-20 10:48:33 7480 [Note] InnoDB: Waiting for purge to start
2019-12-20 10:48:34 7480 [Note] InnoDB: 5.6.13 started; log sequence number 5516692
2019-12-20 10:48:34 7480 [Note] Server hostname (bind-address): '*'; port: 3307
2019-12-20 10:48:34 7480 [Note] IPv6 is available.
2019-12-20 10:48:34 7480 [Note]   - '::' resolves to '::';
2019-12-20 10:48:34 7480 [Note] Server socket created on IP: '::'.
2019-12-20 11:07:06 19224 [Note] Plugin 'FEDERATED' is disabled.
2019-12-20 11:07:06 19224 [Note] InnoDB: The InnoDB memory heap is disabled
2019-12-20 11:07:06 19224 [Note] InnoDB: Mutexes and rw_locks use Windows interlocked functions
2019-12-20 11:07:06 19224 [Note] InnoDB: Compressed tables use zlib 1.2.3
2019-12-20 11:07:06 19224 [Note] InnoDB: Not using CPU crc32 instructions
2019-12-20 11:07:06 19224 [Note] InnoDB: Initializing buffer pool, size = 128.0M
2019-12-20 11:07:06 19224 [Note] InnoDB: Completed initialization of buffer pool
2019-12-20 11:07:06 19224 [Note] InnoDB: Highest supported file format is Barracuda.
2019-12-20 11:07:06 19224 [Note] InnoDB: The log sequence numbers 1627162 and 1627162 in ibdata files do not match the log sequence number 5516702 in the ib_logfiles!
2019-12-20 11:07:06 19224 [Note] InnoDB: Database was not shutdown normally!
2019-12-20 11:07:06 19224 [Note] InnoDB: Starting crash recovery.
2019-12-20 11:07:06 19224 [Note] InnoDB: Reading tablespace information from the .ibd files...
2019-12-20 11:07:06 19224 [Note] InnoDB: Restoring possible half-written data pages 
2019-12-20 11:07:06 19224 [Note] InnoDB: from the doublewrite buffer...
2019-12-20 11:07:06 19224 [Note] InnoDB: 128 rollback segment(s) are active.
2019-12-20 11:07:06 19224 [Note] InnoDB: Waiting for purge to start
2019-12-20 11:07:06 19224 [Note] InnoDB: 5.6.13 started; log sequence number 5516702
2019-12-20 11:07:06 19224 [Note] Server hostname (bind-address): '*'; port: 3307
2019-12-20 11:07:06 19224 [Note] IPv6 is available.
2019-12-20 11:07:06 19224 [Note]   - '::' resolves to '::';
2019-12-20 11:07:06 19224 [Note] Server socket created on IP: '::'.
2019-12-20 11:08:57 15604 [Note] Plugin 'FEDERATED' is disabled.
2019-12-20 11:08:57 15604 [Note] InnoDB: The InnoDB memory heap is disabled
2019-12-20 11:08:57 15604 [Note] InnoDB: Mutexes and rw_locks use Windows interlocked functions
2019-12-20 11:08:57 15604 [Note] InnoDB: Compressed tables use zlib 1.2.3
2019-12-20 11:08:57 15604 [Note] InnoDB: Not using CPU crc32 instructions
2019-12-20 11:08:57 15604 [Note] InnoDB: Initializing buffer pool, size = 128.0M
2019-12-20 11:08:57 15604 [Note] InnoDB: Completed initialization of buffer pool
2019-12-20 11:08:57 15604 [Note] InnoDB: Highest supported file format is Barracuda.
2019-12-20 11:08:57 15604 [Note] InnoDB: The log sequence numbers 1627162 and 1627162 in ibdata files do not match the log sequence number 5516712 in the ib_logfiles!
2019-12-20 11:08:57 15604 [Note] InnoDB: Database was not shutdown normally!
2019-12-20 11:08:57 15604 [Note] InnoDB: Starting crash recovery.
2019-12-20 11:08:57 15604 [Note] InnoDB: Reading tablespace information from the .ibd files...
2019-12-20 11:08:57 15604 [Note] InnoDB: Restoring possible half-written data pages 
2019-12-20 11:08:57 15604 [Note] InnoDB: from the doublewrite buffer...
2019-12-20 11:08:57 15604 [Note] InnoDB: 128 rollback segment(s) are active.
2019-12-20 11:08:57 15604 [Note] InnoDB: Waiting for purge to start
2019-12-20 11:08:57 15604 [Note] InnoDB: 5.6.13 started; log sequence number 5516712
2019-12-20 11:08:57 15604 [Note] Server hostname (bind-address): '*'; port: 3307
2019-12-20 11:08:57 15604 [Note] IPv6 is available.
2019-12-20 11:08:57 15604 [Note]   - '::' resolves to '::';
2019-12-20 11:08:57 15604 [Note] Server socket created on IP: '::'.
2019-12-20 11:12:32 17960 [Note] Plugin 'FEDERATED' is disabled.
2019-12-20 11:12:32 17960 [Note] InnoDB: The InnoDB memory heap is disabled
2019-12-20 11:12:32 17960 [Note] InnoDB: Mutexes and rw_locks use Windows interlocked functions
2019-12-20 11:12:32 17960 [Note] InnoDB: Compressed tables use zlib 1.2.3
2019-12-20 11:12:32 17960 [Note] InnoDB: Not using CPU crc32 instructions
2019-12-20 11:12:32 17960 [Note] InnoDB: Initializing buffer pool, size = 128.0M
2019-12-20 11:12:32 17960 [Note] InnoDB: Completed initialization of buffer pool
2019-12-20 11:12:32 17960 [Note] InnoDB: Highest supported file format is Barracuda.
2019-12-20 11:12:32 17960 [Note] InnoDB: The log sequence numbers 1627162 and 1627162 in ibdata files do not match the log sequence number 5516722 in the ib_logfiles!
2019-12-20 11:12:32 17960 [Note] InnoDB: Database was not shutdown normally!
2019-12-20 11:12:32 17960 [Note] InnoDB: Starting crash recovery.
2019-12-20 11:12:32 17960 [Note] InnoDB: Reading tablespace information from the .ibd files...
2019-12-20 11:12:32 17960 [Note] InnoDB: Restoring possible half-written data pages 
2019-12-20 11:12:32 17960 [Note] InnoDB: from the doublewrite buffer...
2019-12-20 11:12:32 17960 [Note] InnoDB: 128 rollback segment(s) are active.
2019-12-20 11:12:32 17960 [Note] InnoDB: Waiting for purge to start
2019-12-20 11:12:32 17960 [Note] InnoDB: 5.6.13 started; log sequence number 5516722
2019-12-20 11:12:32 17960 [Note] Server hostname (bind-address): '*'; port: 3307
2019-12-20 11:12:32 17960 [Note] IPv6 is available.
2019-12-20 11:12:32 17960 [Note]   - '::' resolves to '::';
2019-12-20 11:12:32 17960 [Note] Server socket created on IP: '::'.
2019-12-20 11:18:30 8268 [Note] Plugin 'FEDERATED' is disabled.
2019-12-20 11:18:30 8268 [Note] InnoDB: The InnoDB memory heap is disabled
2019-12-20 11:18:30 8268 [Note] InnoDB: Mutexes and rw_locks use Windows interlocked functions
2019-12-20 11:18:30 8268 [Note] InnoDB: Compressed tables use zlib 1.2.3
2019-12-20 11:18:30 8268 [Note] InnoDB: Not using CPU crc32 instructions
2019-12-20 11:18:30 8268 [Note] InnoDB: Initializing buffer pool, size = 128.0M
2019-12-20 11:18:30 8268 [Note] InnoDB: Completed initialization of buffer pool
2019-12-20 11:18:30 8268 [Note] InnoDB: Highest supported file format is Barracuda.
2019-12-20 11:18:30 8268 [Note] InnoDB: The log sequence numbers 1627162 and 1627162 in ibdata files do not match the log sequence number 5516732 in the ib_logfiles!
2019-12-20 11:18:30 8268 [Note] InnoDB: Database was not shutdown normally!
2019-12-20 11:18:30 8268 [Note] InnoDB: Starting crash recovery.
2019-12-20 11:18:30 8268 [Note] InnoDB: Reading tablespace information from the .ibd files...
2019-12-20 11:18:30 8268 [Note] InnoDB: Restoring possible half-written data pages 
2019-12-20 11:18:30 8268 [Note] InnoDB: from the doublewrite buffer...
2019-12-20 11:18:30 8268 [Note] InnoDB: 128 rollback segment(s) are active.
2019-12-20 11:18:30 8268 [Note] InnoDB: Waiting for purge to start
2019-12-20 11:18:30 8268 [Note] InnoDB: 5.6.13 started; log sequence number 5516732
2019-12-20 11:18:30 8268 [Note] Server hostname (bind-address): '*'; port: 3307
2019-12-20 11:18:30 8268 [Note] IPv6 is available.
2019-12-20 11:18:30 8268 [Note]   - '::' resolves to '::';
2019-12-20 11:18:30 8268 [Note] Server socket created on IP: '::'.
2019-12-22 12:20:29 5532 [Note] Plugin 'FEDERATED' is disabled.
2019-12-22 12:20:29 5532 [Note] InnoDB: The InnoDB memory heap is disabled
2019-12-22 12:20:29 5532 [Note] InnoDB: Mutexes and rw_locks use Windows interlocked functions
2019-12-22 12:20:29 5532 [Note] InnoDB: Compressed tables use zlib 1.2.3
2019-12-22 12:20:29 5532 [Note] InnoDB: Not using CPU crc32 instructions
2019-12-22 12:20:29 5532 [Note] InnoDB: Initializing buffer pool, size = 128.0M
2019-12-22 12:20:29 5532 [Note] InnoDB: Completed initialization of buffer pool
2019-12-22 12:20:29 5532 [Note] InnoDB: Highest supported file format is Barracuda.
2019-12-22 12:20:29 5532 [Note] InnoDB: The log sequence numbers 1627162 and 1627162 in ibdata files do not match the log sequence number 6502226 in the ib_logfiles!
2019-12-22 12:20:29 5532 [Note] InnoDB: Database was not shutdown normally!
2019-12-22 12:20:29 5532 [Note] InnoDB: Starting crash recovery.
2019-12-22 12:20:29 5532 [Note] InnoDB: Reading tablespace information from the .ibd files...
2019-12-22 12:20:30 5532 [Note] InnoDB: Restoring possible half-written data pages 
2019-12-22 12:20:30 5532 [Note] InnoDB: from the doublewrite buffer...
2019-12-22 12:20:30 5532 [Note] InnoDB: 128 rollback segment(s) are active.
2019-12-22 12:20:30 5532 [Note] InnoDB: Waiting for purge to start
2019-12-22 12:20:30 5532 [Note] InnoDB: 5.6.13 started; log sequence number 6502226
2019-12-22 12:20:30 5532 [Note] Server hostname (bind-address): '*'; port: 3307
2019-12-22 12:20:30 5532 [Note] IPv6 is available.
2019-12-22 12:20:30 5532 [Note]   - '::' resolves to '::';
2019-12-22 12:20:30 5532 [Note] Server socket created on IP: '::'.
2019-12-22 22:29:28 18716 [Note] Plugin 'FEDERATED' is disabled.
2019-12-22 22:29:28 18716 [Note] InnoDB: The InnoDB memory heap is disabled
2019-12-22 22:29:28 18716 [Note] InnoDB: Mutexes and rw_locks use Windows interlocked functions
2019-12-22 22:29:28 18716 [Note] InnoDB: Compressed tables use zlib 1.2.3
2019-12-22 22:29:28 18716 [Note] InnoDB: Not using CPU crc32 instructions
2019-12-22 22:29:28 18716 [Note] InnoDB: Initializing buffer pool, size = 128.0M
2019-12-22 22:29:28 18716 [Note] InnoDB: Completed initialization of buffer pool
2019-12-22 22:29:28 18716 [Note] InnoDB: Highest supported file format is Barracuda.
2019-12-22 22:29:28 18716 [Note] InnoDB: The log sequence numbers 1627162 and 1627162 in ibdata files do not match the log sequence number 6503399 in the ib_logfiles!
2019-12-22 22:29:28 18716 [Note] InnoDB: Database was not shutdown normally!
2019-12-22 22:29:28 18716 [Note] InnoDB: Starting crash recovery.
2019-12-22 22:29:28 18716 [Note] InnoDB: Reading tablespace information from the .ibd files...
2019-12-22 22:29:28 18716 [Note] InnoDB: Restoring possible half-written data pages 
2019-12-22 22:29:28 18716 [Note] InnoDB: from the doublewrite buffer...
2019-12-22 22:29:28 18716 [Note] InnoDB: 128 rollback segment(s) are active.
2019-12-22 22:29:28 18716 [Note] InnoDB: Waiting for purge to start
2019-12-22 22:29:28 18716 [Note] InnoDB: 5.6.13 started; log sequence number 6503399
2019-12-22 22:29:28 18716 [Note] Server hostname (bind-address): '*'; port: 3307
2019-12-22 22:29:28 18716 [Note] IPv6 is available.
2019-12-22 22:29:28 18716 [Note]   - '::' resolves to '::';
2019-12-22 22:29:28 18716 [Note] Server socket created on IP: '::'.
2019-12-22 23:49:37 17312 [Note] Plugin 'FEDERATED' is disabled.
2019-12-22 23:49:37 17312 [Note] InnoDB: The InnoDB memory heap is disabled
2019-12-22 23:49:37 17312 [Note] InnoDB: Mutexes and rw_locks use Windows interlocked functions
2019-12-22 23:49:37 17312 [Note] InnoDB: Compressed tables use zlib 1.2.3
2019-12-22 23:49:37 17312 [Note] InnoDB: Not using CPU crc32 instructions
2019-12-22 23:49:37 17312 [Note] InnoDB: Initializing buffer pool, size = 128.0M
2019-12-22 23:49:37 17312 [Note] InnoDB: Completed initialization of buffer pool
2019-12-22 23:49:37 17312 [Note] InnoDB: Highest supported file format is Barracuda.
2019-12-22 23:49:37 17312 [Note] InnoDB: The log sequence numbers 1627162 and 1627162 in ibdata files do not match the log sequence number 6513385 in the ib_logfiles!
2019-12-22 23:49:37 17312 [Note] InnoDB: Database was not shutdown normally!
2019-12-22 23:49:37 17312 [Note] InnoDB: Starting crash recovery.
2019-12-22 23:49:37 17312 [Note] InnoDB: Reading tablespace information from the .ibd files...
2019-12-22 23:49:37 17312 [Note] InnoDB: Restoring possible half-written data pages 
2019-12-22 23:49:37 17312 [Note] InnoDB: from the doublewrite buffer...
2019-12-22 23:49:37 17312 [Note] InnoDB: 128 rollback segment(s) are active.
2019-12-22 23:49:37 17312 [Note] InnoDB: Waiting for purge to start
2019-12-22 23:49:37 17312 [Note] InnoDB: 5.6.13 started; log sequence number 6513385
2019-12-22 23:49:37 17312 [Note] Server hostname (bind-address): '*'; port: 3307
2019-12-22 23:49:37 17312 [Note] IPv6 is available.
2019-12-22 23:49:37 17312 [Note]   - '::' resolves to '::';
2019-12-22 23:49:37 17312 [Note] Server socket created on IP: '::'.
2019-12-24 11:10:30 9140 [Note] Plugin 'FEDERATED' is disabled.
2019-12-24 11:10:30 9140 [Note] InnoDB: The InnoDB memory heap is disabled
2019-12-24 11:10:30 9140 [Note] InnoDB: Mutexes and rw_locks use Windows interlocked functions
2019-12-24 11:10:30 9140 [Note] InnoDB: Compressed tables use zlib 1.2.3
2019-12-24 11:10:30 9140 [Note] InnoDB: Not using CPU crc32 instructions
2019-12-24 11:10:30 9140 [Note] InnoDB: Initializing buffer pool, size = 128.0M
2019-12-24 11:10:30 9140 [Note] InnoDB: Completed initialization of buffer pool
2019-12-24 11:10:30 9140 [Note] InnoDB: Highest supported file format is Barracuda.
2019-12-24 11:10:30 9140 [Note] InnoDB: The log sequence numbers 1627162 and 1627162 in ibdata files do not match the log sequence number 6513395 in the ib_logfiles!
2019-12-24 11:10:30 9140 [Note] InnoDB: Database was not shutdown normally!
2019-12-24 11:10:30 9140 [Note] InnoDB: Starting crash recovery.
2019-12-24 11:10:30 9140 [Note] InnoDB: Reading tablespace information from the .ibd files...
2019-12-24 11:10:30 9140 [Note] InnoDB: Restoring possible half-written data pages 
2019-12-24 11:10:30 9140 [Note] InnoDB: from the doublewrite buffer...
2019-12-24 11:10:30 9140 [Note] InnoDB: 128 rollback segment(s) are active.
2019-12-24 11:10:30 9140 [Note] InnoDB: Waiting for purge to start
2019-12-24 11:10:30 9140 [Note] InnoDB: 5.6.13 started; log sequence number 6513395
2019-12-24 11:10:30 9140 [Note] Server hostname (bind-address): '*'; port: 3307
2019-12-24 11:10:30 9140 [Note] IPv6 is available.
2019-12-24 11:10:30 9140 [Note]   - '::' resolves to '::';
2019-12-24 11:10:30 9140 [Note] Server socket created on IP: '::'.
2019-12-24 17:30:35 8644 [Note] Plugin 'FEDERATED' is disabled.
2019-12-24 17:30:35 8644 [Note] InnoDB: The InnoDB memory heap is disabled
2019-12-24 17:30:35 8644 [Note] InnoDB: Mutexes and rw_locks use Windows interlocked functions
2019-12-24 17:30:35 8644 [Note] InnoDB: Compressed tables use zlib 1.2.3
2019-12-24 17:30:35 8644 [Note] InnoDB: Not using CPU crc32 instructions
2019-12-24 17:30:35 8644 [Note] InnoDB: Initializing buffer pool, size = 128.0M
2019-12-24 17:30:35 8644 [Note] InnoDB: Completed initialization of buffer pool
2019-12-24 17:30:35 8644 [ERROR] InnoDB: C:\Users\rdema\switchdrive\HEIG-VD\BDR\Projet\App\BDR_PICTURA\mysql\data\ibdata1 can't be opened in read-write mode
2019-12-24 17:30:35 8644 [ERROR] InnoDB: The system tablespace must be writable!
2019-12-24 17:30:35 8644 [ERROR] Plugin 'InnoDB' init function returned error.
2019-12-24 17:30:35 8644 [ERROR] Plugin 'InnoDB' registration as a STORAGE ENGINE failed.
2019-12-24 17:30:35 8644 [ERROR] Unknown/unsupported storage engine: InnoDB
2019-12-24 17:30:35 8644 [ERROR] Aborting

2019-12-24 17:30:35 8644 [Note] Binlog end
2019-12-24 17:30:35 8644 [Note] Shutting down plugin 'partition'
2019-12-24 17:30:35 8644 [Note] Shutting down plugin 'PERFORMANCE_SCHEMA'
2019-12-24 17:30:35 8644 [Note] Shutting down plugin 'INNODB_SYS_DATAFILES'
2019-12-24 17:30:35 8644 [Note] Shutting down plugin 'INNODB_SYS_TABLESPACES'
2019-12-24 17:30:35 8644 [Note] Shutting down plugin 'INNODB_SYS_FOREIGN_COLS'
2019-12-24 17:30:35 8644 [Note] Shutting down plugin 'INNODB_SYS_FOREIGN'
2019-12-24 17:30:35 8644 [Note] Shutting down plugin 'INNODB_SYS_FIELDS'
2019-12-24 17:30:35 8644 [Note] Shutting down plugin 'INNODB_SYS_COLUMNS'
2019-12-24 17:30:35 8644 [Note] Shutting down plugin 'INNODB_SYS_INDEXES'
2019-12-24 17:30:35 8644 [Note] Shutting down plugin 'INNODB_SYS_TABLESTATS'
2019-12-24 17:30:35 8644 [Note] Shutting down plugin 'INNODB_SYS_TABLES'
2019-12-24 17:30:35 8644 [Note] Shutting down plugin 'INNODB_FT_INDEX_TABLE'
2019-12-24 17:30:35 8644 [Note] Shutting down plugin 'INNODB_FT_INDEX_CACHE'
2019-12-24 17:30:35 8644 [Note] Shutting down plugin 'INNODB_FT_CONFIG'
2019-12-24 17:30:35 8644 [Note] Shutting down plugin 'INNODB_FT_BEING_DELETED'
2019-12-24 17:30:35 8644 [Note] Shutting down plugin 'INNODB_FT_DELETED'
2019-12-24 17:30:35 8644 [Note] Shutting down plugin 'INNODB_FT_DEFAULT_STOPWORD'
2019-12-24 17:30:35 8644 [Note] Shutting down plugin 'INNODB_METRICS'
2019-12-24 17:30:35 8644 [Note] Shutting down plugin 'INNODB_BUFFER_POOL_STATS'
2019-12-24 17:30:35 8644 [Note] Shutting down plugin 'INNODB_BUFFER_PAGE_LRU'
2019-12-24 17:30:35 8644 [Note] Shutting down plugin 'INNODB_BUFFER_PAGE'
2019-12-24 17:30:35 8644 [Note] Shutting down plugin 'INNODB_CMP_PER_INDEX_RESET'
2019-12-24 17:30:35 8644 [Note] Shutting down plugin 'INNODB_CMP_PER_INDEX'
2019-12-24 17:30:35 8644 [Note] Shutting down plugin 'INNODB_CMPMEM_RESET'
2019-12-24 17:30:35 8644 [Note] Shutting down plugin 'INNODB_CMPMEM'
2019-12-24 17:30:35 8644 [Note] Shutting down plugin 'INNODB_CMP_RESET'
2019-12-24 17:30:35 8644 [Note] Shutting down plugin 'INNODB_CMP'
2019-12-24 17:30:35 8644 [Note] Shutting down plugin 'INNODB_LOCK_WAITS'
2019-12-24 17:30:35 8644 [Note] Shutting down plugin 'INNODB_LOCKS'
2019-12-24 17:30:35 8644 [Note] Shutting down plugin 'INNODB_TRX'
2019-12-24 17:30:35 8644 [Note] Shutting down plugin 'BLACKHOLE'
2019-12-24 17:30:35 8644 [Note] Shutting down plugin 'ARCHIVE'
2019-12-24 17:30:35 8644 [Note] Shutting down plugin 'MRG_MYISAM'
2019-12-24 17:30:35 8644 [Note] Shutting down plugin 'MyISAM'
2019-12-24 17:30:35 8644 [Note] Shutting down plugin 'MEMORY'
2019-12-24 17:30:35 8644 [Note] Shutting down plugin 'CSV'
2019-12-24 17:30:35 8644 [Note] Shutting down plugin 'sha256_password'
2019-12-24 17:30:35 8644 [Note] Shutting down plugin 'mysql_old_password'
2019-12-24 17:30:35 8644 [Note] Shutting down plugin 'mysql_native_password'
2019-12-24 17:30:35 8644 [Note] Shutting down plugin 'binlog'
2019-12-24 17:30:35 8644 [Note] C:\Users\rdema\switchdrive\HEIG-VD\BDR\Projet\App\BDR_PICTURA/mysql/bin/mysqld_usbwv8.exe: Shutdown complete

2019-12-24 23:39:28 21892 [Note] Plugin 'FEDERATED' is disabled.
2019-12-24 23:39:28 21892 [Note] InnoDB: The InnoDB memory heap is disabled
2019-12-24 23:39:28 21892 [Note] InnoDB: Mutexes and rw_locks use Windows interlocked functions
2019-12-24 23:39:28 21892 [Note] InnoDB: Compressed tables use zlib 1.2.3
2019-12-24 23:39:28 21892 [Note] InnoDB: Not using CPU crc32 instructions
2019-12-24 23:39:28 21892 [Note] InnoDB: Initializing buffer pool, size = 128.0M
2019-12-24 23:39:28 21892 [Note] InnoDB: Completed initialization of buffer pool
2019-12-24 23:39:29 21892 [Note] InnoDB: Highest supported file format is Barracuda.
2019-12-24 23:39:29 21892 [Note] InnoDB: The log sequence numbers 1627162 and 1627162 in ibdata files do not match the log sequence number 6541940 in the ib_logfiles!
2019-12-24 23:39:29 21892 [Note] InnoDB: Database was not shutdown normally!
2019-12-24 23:39:29 21892 [Note] InnoDB: Starting crash recovery.
2019-12-24 23:39:29 21892 [Note] InnoDB: Reading tablespace information from the .ibd files...
2019-12-24 23:39:29 21892 [Note] InnoDB: Restoring possible half-written data pages 
2019-12-24 23:39:29 21892 [Note] InnoDB: from the doublewrite buffer...
2019-12-24 23:39:29 21892 [Note] InnoDB: 128 rollback segment(s) are active.
2019-12-24 23:39:29 21892 [Note] InnoDB: Waiting for purge to start
2019-12-24 23:39:29 21892 [Note] InnoDB: 5.6.13 started; log sequence number 6541940
2019-12-24 23:39:29 21892 [Note] Server hostname (bind-address): '*'; port: 3307
2019-12-24 23:39:29 21892 [Note] IPv6 is available.
2019-12-24 23:39:29 21892 [Note]   - '::' resolves to '::';
2019-12-24 23:39:29 21892 [Note] Server socket created on IP: '::'.
