2019-12-25 10:33:28 11504 [Note] Plugin 'FEDERATED' is disabled.
2019-12-25 10:33:28 11504 [Note] InnoDB: The InnoDB memory heap is disabled
2019-12-25 10:33:28 11504 [Note] InnoDB: Mutexes and rw_locks use Windows interlocked functions
2019-12-25 10:33:28 11504 [Note] InnoDB: Compressed tables use zlib 1.2.3
2019-12-25 10:33:28 11504 [Note] InnoDB: Not using CPU crc32 instructions
2019-12-25 10:33:28 11504 [Note] InnoDB: Initializing buffer pool, size = 128.0M
2019-12-25 10:33:28 11504 [Note] InnoDB: Completed initialization of buffer pool
2019-12-25 10:33:28 11504 [Note] InnoDB: Highest supported file format is Barracuda.
2019-12-25 10:33:28 11504 [Note] InnoDB: The log sequence numbers 1627162 and 1627162 in ibdata files do not match the log sequence number 6543861 in the ib_logfiles!
2019-12-25 10:33:28 11504 [Note] InnoDB: Database was not shutdown normally!
2019-12-25 10:33:28 11504 [Note] InnoDB: Starting crash recovery.
2019-12-25 10:33:28 11504 [Note] InnoDB: Reading tablespace information from the .ibd files...
2019-12-25 10:33:28 11504 [Note] InnoDB: Restoring possible half-written data pages 
2019-12-25 10:33:28 11504 [Note] InnoDB: from the doublewrite buffer...
2019-12-25 10:33:28 11504 [Note] InnoDB: 128 rollback segment(s) are active.
2019-12-25 10:33:28 11504 [Note] InnoDB: Waiting for purge to start
2019-12-25 10:33:28 11504 [Note] InnoDB: 5.6.13 started; log sequence number 6543861
2019-12-25 10:33:28 11504 [Note] Server hostname (bind-address): '*'; port: 3307
2019-12-25 10:33:28 11504 [Note] IPv6 is available.
2019-12-25 10:33:28 11504 [Note]   - '::' resolves to '::';
2019-12-25 10:33:28 11504 [Note] Server socket created on IP: '::'.
2019-12-25 10:33:28 11504 [ERROR] Can't start server: Bind on TCP/IP port: No such file or directory
2019-12-25 10:33:28 11504 [ERROR] Do you already have another mysqld server running on port: 3307 ?
2019-12-25 10:33:28 11504 [ERROR] Aborting

2019-12-25 10:33:28 11504 [Note] Binlog end
2019-12-25 10:33:28 11504 [Note] Shutting down plugin 'partition'
2019-12-25 10:33:28 11504 [Note] Shutting down plugin 'PERFORMANCE_SCHEMA'
2019-12-25 10:33:28 11504 [Note] Shutting down plugin 'INNODB_SYS_DATAFILES'
2019-12-25 10:33:28 11504 [Note] Shutting down plugin 'INNODB_SYS_TABLESPACES'
2019-12-25 10:33:28 11504 [Note] Shutting down plugin 'INNODB_SYS_FOREIGN_COLS'
2019-12-25 10:33:28 11504 [Note] Shutting down plugin 'INNODB_SYS_FOREIGN'
2019-12-25 10:33:28 11504 [Note] Shutting down plugin 'INNODB_SYS_FIELDS'
2019-12-25 10:33:28 11504 [Note] Shutting down plugin 'INNODB_SYS_COLUMNS'
2019-12-25 10:33:28 11504 [Note] Shutting down plugin 'INNODB_SYS_INDEXES'
2019-12-25 10:33:28 11504 [Note] Shutting down plugin 'INNODB_SYS_TABLESTATS'
2019-12-25 10:33:28 11504 [Note] Shutting down plugin 'INNODB_SYS_TABLES'
2019-12-25 10:33:28 11504 [Note] Shutting down plugin 'INNODB_FT_INDEX_TABLE'
2019-12-25 10:33:28 11504 [Note] Shutting down plugin 'INNODB_FT_INDEX_CACHE'
2019-12-25 10:33:28 11504 [Note] Shutting down plugin 'INNODB_FT_CONFIG'
2019-12-25 10:33:28 11504 [Note] Shutting down plugin 'INNODB_FT_BEING_DELETED'
2019-12-25 10:33:28 11504 [Note] Shutting down plugin 'INNODB_FT_DELETED'
2019-12-25 10:33:28 11504 [Note] Shutting down plugin 'INNODB_FT_DEFAULT_STOPWORD'
2019-12-25 10:33:28 11504 [Note] Shutting down plugin 'INNODB_METRICS'
2019-12-25 10:33:28 11504 [Note] Shutting down plugin 'INNODB_BUFFER_POOL_STATS'
2019-12-25 10:33:28 11504 [Note] Shutting down plugin 'INNODB_BUFFER_PAGE_LRU'
2019-12-25 10:33:28 11504 [Note] Shutting down plugin 'INNODB_BUFFER_PAGE'
2019-12-25 10:33:28 11504 [Note] Shutting down plugin 'INNODB_CMP_PER_INDEX_RESET'
2019-12-25 10:33:28 11504 [Note] Shutting down plugin 'INNODB_CMP_PER_INDEX'
2019-12-25 10:33:28 11504 [Note] Shutting down plugin 'INNODB_CMPMEM_RESET'
2019-12-25 10:33:28 11504 [Note] Shutting down plugin 'INNODB_CMPMEM'
2019-12-25 10:33:28 11504 [Note] Shutting down plugin 'INNODB_CMP_RESET'
2019-12-25 10:33:28 11504 [Note] Shutting down plugin 'INNODB_CMP'
2019-12-25 10:33:28 11504 [Note] Shutting down plugin 'INNODB_LOCK_WAITS'
2019-12-25 10:33:28 11504 [Note] Shutting down plugin 'INNODB_LOCKS'
2019-12-25 10:33:28 11504 [Note] Shutting down plugin 'INNODB_TRX'
2019-12-25 10:33:28 11504 [Note] Shutting down plugin 'InnoDB'
2019-12-25 10:33:28 11504 [Note] InnoDB: FTS optimize thread exiting.
2019-12-25 10:33:28 11504 [Note] InnoDB: Starting shutdown...
2019-12-25 10:33:30 11504 [Note] InnoDB: Shutdown completed; log sequence number 6543887
2019-12-25 10:33:30 11504 [Note] Shutting down plugin 'BLACKHOLE'
2019-12-25 10:33:30 11504 [Note] Shutting down plugin 'ARCHIVE'
2019-12-25 10:33:30 11504 [Note] Shutting down plugin 'MRG_MYISAM'
2019-12-25 10:33:30 11504 [Note] Shutting down plugin 'MyISAM'
2019-12-25 10:33:30 11504 [Note] Shutting down plugin 'MEMORY'
2019-12-25 10:33:30 11504 [Note] Shutting down plugin 'CSV'
2019-12-25 10:33:30 11504 [Note] Shutting down plugin 'sha256_password'
2019-12-25 10:33:30 11504 [Note] Shutting down plugin 'mysql_old_password'
2019-12-25 10:33:30 11504 [Note] Shutting down plugin 'mysql_native_password'
2019-12-25 10:33:30 11504 [Note] Shutting down plugin 'binlog'
2019-12-25 10:33:30 11504 [Note] C:\Users\Stephane\Desktop\usbwebserver/mysql/bin/mysqld_usbwv8.exe: Shutdown complete

2019-12-25 10:49:22 19428 [Note] Plugin 'FEDERATED' is disabled.
2019-12-25 10:49:22 19428 [Note] InnoDB: The InnoDB memory heap is disabled
2019-12-25 10:49:22 19428 [Note] InnoDB: Mutexes and rw_locks use Windows interlocked functions
2019-12-25 10:49:22 19428 [Note] InnoDB: Compressed tables use zlib 1.2.3
2019-12-25 10:49:22 19428 [Note] InnoDB: Not using CPU crc32 instructions
2019-12-25 10:49:22 19428 [Note] InnoDB: Initializing buffer pool, size = 128.0M
2019-12-25 10:49:22 19428 [Note] InnoDB: Completed initialization of buffer pool
2019-12-25 10:49:22 19428 [Note] InnoDB: Highest supported file format is Barracuda.
2019-12-25 10:49:22 19428 [Note] InnoDB: 128 rollback segment(s) are active.
2019-12-25 10:49:22 19428 [Note] InnoDB: Waiting for purge to start
2019-12-25 10:49:22 19428 [Note] InnoDB: 5.6.13 started; log sequence number 6543887
2019-12-25 10:49:22 19428 [Note] Server hostname (bind-address): '*'; port: 3307
2019-12-25 10:49:22 19428 [Note] IPv6 is available.
2019-12-25 10:49:22 19428 [Note]   - '::' resolves to '::';
2019-12-25 10:49:22 19428 [Note] Server socket created on IP: '::'.
2019-12-25 10:49:22 19428 [ERROR] Can't start server: Bind on TCP/IP port: No such file or directory
2019-12-25 10:49:22 19428 [ERROR] Do you already have another mysqld server running on port: 3307 ?
2019-12-25 10:49:22 19428 [ERROR] Aborting

2019-12-25 10:49:22 19428 [Note] Binlog end
2019-12-25 10:49:22 19428 [Note] Shutting down plugin 'partition'
2019-12-25 10:49:22 19428 [Note] Shutting down plugin 'PERFORMANCE_SCHEMA'
2019-12-25 10:49:22 19428 [Note] Shutting down plugin 'INNODB_SYS_DATAFILES'
2019-12-25 10:49:22 19428 [Note] Shutting down plugin 'INNODB_SYS_TABLESPACES'
2019-12-25 10:49:22 19428 [Note] Shutting down plugin 'INNODB_SYS_FOREIGN_COLS'
2019-12-25 10:49:22 19428 [Note] Shutting down plugin 'INNODB_SYS_FOREIGN'
2019-12-25 10:49:22 19428 [Note] Shutting down plugin 'INNODB_SYS_FIELDS'
2019-12-25 10:49:22 19428 [Note] Shutting down plugin 'INNODB_SYS_COLUMNS'
2019-12-25 10:49:22 19428 [Note] Shutting down plugin 'INNODB_SYS_INDEXES'
2019-12-25 10:49:22 19428 [Note] Shutting down plugin 'INNODB_SYS_TABLESTATS'
2019-12-25 10:49:22 19428 [Note] Shutting down plugin 'INNODB_SYS_TABLES'
2019-12-25 10:49:22 19428 [Note] Shutting down plugin 'INNODB_FT_INDEX_TABLE'
2019-12-25 10:49:22 19428 [Note] Shutting down plugin 'INNODB_FT_INDEX_CACHE'
2019-12-25 10:49:22 19428 [Note] Shutting down plugin 'INNODB_FT_CONFIG'
2019-12-25 10:49:22 19428 [Note] Shutting down plugin 'INNODB_FT_BEING_DELETED'
2019-12-25 10:49:22 19428 [Note] Shutting down plugin 'INNODB_FT_DELETED'
2019-12-25 10:49:22 19428 [Note] Shutting down plugin 'INNODB_FT_DEFAULT_STOPWORD'
2019-12-25 10:49:22 19428 [Note] Shutting down plugin 'INNODB_METRICS'
2019-12-25 10:49:22 19428 [Note] Shutting down plugin 'INNODB_BUFFER_POOL_STATS'
2019-12-25 10:49:22 19428 [Note] Shutting down plugin 'INNODB_BUFFER_PAGE_LRU'
2019-12-25 10:49:22 19428 [Note] Shutting down plugin 'INNODB_BUFFER_PAGE'
2019-12-25 10:49:22 19428 [Note] Shutting down plugin 'INNODB_CMP_PER_INDEX_RESET'
2019-12-25 10:49:22 19428 [Note] Shutting down plugin 'INNODB_CMP_PER_INDEX'
2019-12-25 10:49:22 19428 [Note] Shutting down plugin 'INNODB_CMPMEM_RESET'
2019-12-25 10:49:22 19428 [Note] Shutting down plugin 'INNODB_CMPMEM'
2019-12-25 10:49:22 19428 [Note] Shutting down plugin 'INNODB_CMP_RESET'
2019-12-25 10:49:22 19428 [Note] Shutting down plugin 'INNODB_CMP'
2019-12-25 10:49:22 19428 [Note] Shutting down plugin 'INNODB_LOCK_WAITS'
2019-12-25 10:49:22 19428 [Note] Shutting down plugin 'INNODB_LOCKS'
2019-12-25 10:49:22 19428 [Note] Shutting down plugin 'INNODB_TRX'
2019-12-25 10:49:22 19428 [Note] Shutting down plugin 'InnoDB'
2019-12-25 10:49:22 19428 [Note] InnoDB: FTS optimize thread exiting.
2019-12-25 10:49:22 19428 [Note] InnoDB: Starting shutdown...
2019-12-25 10:49:24 19428 [Note] InnoDB: Shutdown completed; log sequence number 6543897
2019-12-25 10:49:24 19428 [Note] Shutting down plugin 'BLACKHOLE'
2019-12-25 10:49:24 19428 [Note] Shutting down plugin 'ARCHIVE'
2019-12-25 10:49:24 19428 [Note] Shutting down plugin 'MRG_MYISAM'
2019-12-25 10:49:24 19428 [Note] Shutting down plugin 'MyISAM'
2019-12-25 10:49:24 19428 [Note] Shutting down plugin 'MEMORY'
2019-12-25 10:49:24 19428 [Note] Shutting down plugin 'CSV'
2019-12-25 10:49:24 19428 [Note] Shutting down plugin 'sha256_password'
2019-12-25 10:49:24 19428 [Note] Shutting down plugin 'mysql_old_password'
2019-12-25 10:49:24 19428 [Note] Shutting down plugin 'mysql_native_password'
2019-12-25 10:49:24 19428 [Note] Shutting down plugin 'binlog'
2019-12-25 10:49:24 19428 [Note] C:\Users\Stephane\Desktop\usbwebserver/mysql/bin/mysqld_usbwv8.exe: Shutdown complete

2019-12-25 10:49:41 8060 [Note] Plugin 'FEDERATED' is disabled.
2019-12-25 10:49:41 8060 [Note] InnoDB: The InnoDB memory heap is disabled
2019-12-25 10:49:41 8060 [Note] InnoDB: Mutexes and rw_locks use Windows interlocked functions
2019-12-25 10:49:41 8060 [Note] InnoDB: Compressed tables use zlib 1.2.3
2019-12-25 10:49:41 8060 [Note] InnoDB: Not using CPU crc32 instructions
2019-12-25 10:49:41 8060 [Note] InnoDB: Initializing buffer pool, size = 128.0M
2019-12-25 10:49:41 8060 [Note] InnoDB: Completed initialization of buffer pool
2019-12-25 10:49:41 8060 [Note] InnoDB: Highest supported file format is Barracuda.
2019-12-25 10:49:41 8060 [Note] InnoDB: 128 rollback segment(s) are active.
2019-12-25 10:49:41 8060 [Note] InnoDB: Waiting for purge to start
2019-12-25 10:49:41 8060 [Note] InnoDB: 5.6.13 started; log sequence number 6543897
2019-12-25 10:49:41 8060 [Note] Server hostname (bind-address): '*'; port: 3307
2019-12-25 10:49:41 8060 [Note] IPv6 is available.
2019-12-25 10:49:41 8060 [Note]   - '::' resolves to '::';
2019-12-25 10:49:41 8060 [Note] Server socket created on IP: '::'.
2019-12-25 10:49:41 8060 [ERROR] Can't start server: Bind on TCP/IP port: No such file or directory
2019-12-25 10:49:41 8060 [ERROR] Do you already have another mysqld server running on port: 3307 ?
2019-12-25 10:49:41 8060 [ERROR] Aborting

2019-12-25 10:49:41 8060 [Note] Binlog end
2019-12-25 10:49:41 8060 [Note] Shutting down plugin 'partition'
2019-12-25 10:49:41 8060 [Note] Shutting down plugin 'PERFORMANCE_SCHEMA'
2019-12-25 10:49:41 8060 [Note] Shutting down plugin 'INNODB_SYS_DATAFILES'
2019-12-25 10:49:41 8060 [Note] Shutting down plugin 'INNODB_SYS_TABLESPACES'
2019-12-25 10:49:41 8060 [Note] Shutting down plugin 'INNODB_SYS_FOREIGN_COLS'
2019-12-25 10:49:41 8060 [Note] Shutting down plugin 'INNODB_SYS_FOREIGN'
2019-12-25 10:49:41 8060 [Note] Shutting down plugin 'INNODB_SYS_FIELDS'
2019-12-25 10:49:41 8060 [Note] Shutting down plugin 'INNODB_SYS_COLUMNS'
2019-12-25 10:49:41 8060 [Note] Shutting down plugin 'INNODB_SYS_INDEXES'
2019-12-25 10:49:41 8060 [Note] Shutting down plugin 'INNODB_SYS_TABLESTATS'
2019-12-25 10:49:41 8060 [Note] Shutting down plugin 'INNODB_SYS_TABLES'
2019-12-25 10:49:41 8060 [Note] Shutting down plugin 'INNODB_FT_INDEX_TABLE'
2019-12-25 10:49:41 8060 [Note] Shutting down plugin 'INNODB_FT_INDEX_CACHE'
2019-12-25 10:49:41 8060 [Note] Shutting down plugin 'INNODB_FT_CONFIG'
2019-12-25 10:49:41 8060 [Note] Shutting down plugin 'INNODB_FT_BEING_DELETED'
2019-12-25 10:49:41 8060 [Note] Shutting down plugin 'INNODB_FT_DELETED'
2019-12-25 10:49:41 8060 [Note] Shutting down plugin 'INNODB_FT_DEFAULT_STOPWORD'
2019-12-25 10:49:41 8060 [Note] Shutting down plugin 'INNODB_METRICS'
2019-12-25 10:49:41 8060 [Note] Shutting down plugin 'INNODB_BUFFER_POOL_STATS'
2019-12-25 10:49:41 8060 [Note] Shutting down plugin 'INNODB_BUFFER_PAGE_LRU'
2019-12-25 10:49:41 8060 [Note] Shutting down plugin 'INNODB_BUFFER_PAGE'
2019-12-25 10:49:41 8060 [Note] Shutting down plugin 'INNODB_CMP_PER_INDEX_RESET'
2019-12-25 10:49:41 8060 [Note] Shutting down plugin 'INNODB_CMP_PER_INDEX'
2019-12-25 10:49:41 8060 [Note] Shutting down plugin 'INNODB_CMPMEM_RESET'
2019-12-25 10:49:41 8060 [Note] Shutting down plugin 'INNODB_CMPMEM'
2019-12-25 10:49:41 8060 [Note] Shutting down plugin 'INNODB_CMP_RESET'
2019-12-25 10:49:41 8060 [Note] Shutting down plugin 'INNODB_CMP'
2019-12-25 10:49:41 8060 [Note] Shutting down plugin 'INNODB_LOCK_WAITS'
2019-12-25 10:49:41 8060 [Note] Shutting down plugin 'INNODB_LOCKS'
2019-12-25 10:49:41 8060 [Note] Shutting down plugin 'INNODB_TRX'
2019-12-25 10:49:41 8060 [Note] Shutting down plugin 'InnoDB'
2019-12-25 10:49:41 8060 [Note] InnoDB: FTS optimize thread exiting.
2019-12-25 10:49:41 8060 [Note] InnoDB: Starting shutdown...
2019-12-25 10:49:42 8060 [Note] InnoDB: Shutdown completed; log sequence number 6543907
2019-12-25 10:49:42 8060 [Note] Shutting down plugin 'BLACKHOLE'
2019-12-25 10:49:42 8060 [Note] Shutting down plugin 'ARCHIVE'
2019-12-25 10:49:42 8060 [Note] Shutting down plugin 'MRG_MYISAM'
2019-12-25 10:49:42 8060 [Note] Shutting down plugin 'MyISAM'
2019-12-25 10:49:42 8060 [Note] Shutting down plugin 'MEMORY'
2019-12-25 10:49:42 8060 [Note] Shutting down plugin 'CSV'
2019-12-25 10:49:42 8060 [Note] Shutting down plugin 'sha256_password'
2019-12-25 10:49:42 8060 [Note] Shutting down plugin 'mysql_old_password'
2019-12-25 10:49:42 8060 [Note] Shutting down plugin 'mysql_native_password'
2019-12-25 10:49:42 8060 [Note] Shutting down plugin 'binlog'
2019-12-25 10:49:42 8060 [Note] C:\Users\Stephane\Desktop\usbwebserver/mysql/bin/mysqld_usbwv8.exe: Shutdown complete

2019-12-26 09:23:32 2244 [Note] Plugin 'FEDERATED' is disabled.
2019-12-26 09:23:32 2244 [Note] InnoDB: The InnoDB memory heap is disabled
2019-12-26 09:23:32 2244 [Note] InnoDB: Mutexes and rw_locks use Windows interlocked functions
2019-12-26 09:23:32 2244 [Note] InnoDB: Compressed tables use zlib 1.2.3
2019-12-26 09:23:32 2244 [Note] InnoDB: Not using CPU crc32 instructions
2019-12-26 09:23:32 2244 [Note] InnoDB: Initializing buffer pool, size = 128.0M
2019-12-26 09:23:32 2244 [Note] InnoDB: Completed initialization of buffer pool
2019-12-26 09:23:32 2244 [Note] InnoDB: Highest supported file format is Barracuda.
2019-12-26 09:23:33 2244 [Note] InnoDB: 128 rollback segment(s) are active.
2019-12-26 09:23:33 2244 [Note] InnoDB: Waiting for purge to start
2019-12-26 09:23:33 2244 [Note] InnoDB: 5.6.13 started; log sequence number 6543907
2019-12-26 09:23:33 2244 [Note] Server hostname (bind-address): '*'; port: 3307
2019-12-26 09:23:33 2244 [Note] IPv6 is available.
2019-12-26 09:23:33 2244 [Note]   - '::' resolves to '::';
2019-12-26 09:23:33 2244 [Note] Server socket created on IP: '::'.
2019-12-26 09:23:33 2244 [ERROR] Can't start server: Bind on TCP/IP port: No such file or directory
2019-12-26 09:23:33 2244 [ERROR] Do you already have another mysqld server running on port: 3307 ?
2019-12-26 09:23:33 2244 [ERROR] Aborting

2019-12-26 09:23:33 2244 [Note] Binlog end
2019-12-26 09:23:33 2244 [Note] Shutting down plugin 'partition'
2019-12-26 09:23:33 2244 [Note] Shutting down plugin 'PERFORMANCE_SCHEMA'
2019-12-26 09:23:33 2244 [Note] Shutting down plugin 'INNODB_SYS_DATAFILES'
2019-12-26 09:23:33 2244 [Note] Shutting down plugin 'INNODB_SYS_TABLESPACES'
2019-12-26 09:23:33 2244 [Note] Shutting down plugin 'INNODB_SYS_FOREIGN_COLS'
2019-12-26 09:23:33 2244 [Note] Shutting down plugin 'INNODB_SYS_FOREIGN'
2019-12-26 09:23:33 2244 [Note] Shutting down plugin 'INNODB_SYS_FIELDS'
2019-12-26 09:23:33 2244 [Note] Shutting down plugin 'INNODB_SYS_COLUMNS'
2019-12-26 09:23:33 2244 [Note] Shutting down plugin 'INNODB_SYS_INDEXES'
2019-12-26 09:23:33 2244 [Note] Shutting down plugin 'INNODB_SYS_TABLESTATS'
2019-12-26 09:23:33 2244 [Note] Shutting down plugin 'INNODB_SYS_TABLES'
2019-12-26 09:23:33 2244 [Note] Shutting down plugin 'INNODB_FT_INDEX_TABLE'
2019-12-26 09:23:33 2244 [Note] Shutting down plugin 'INNODB_FT_INDEX_CACHE'
2019-12-26 09:23:33 2244 [Note] Shutting down plugin 'INNODB_FT_CONFIG'
2019-12-26 09:23:33 2244 [Note] Shutting down plugin 'INNODB_FT_BEING_DELETED'
2019-12-26 09:23:33 2244 [Note] Shutting down plugin 'INNODB_FT_DELETED'
2019-12-26 09:23:33 2244 [Note] Shutting down plugin 'INNODB_FT_DEFAULT_STOPWORD'
2019-12-26 09:23:33 2244 [Note] Shutting down plugin 'INNODB_METRICS'
2019-12-26 09:23:33 2244 [Note] Shutting down plugin 'INNODB_BUFFER_POOL_STATS'
2019-12-26 09:23:33 2244 [Note] Shutting down plugin 'INNODB_BUFFER_PAGE_LRU'
2019-12-26 09:23:33 2244 [Note] Shutting down plugin 'INNODB_BUFFER_PAGE'
2019-12-26 09:23:33 2244 [Note] Shutting down plugin 'INNODB_CMP_PER_INDEX_RESET'
2019-12-26 09:23:33 2244 [Note] Shutting down plugin 'INNODB_CMP_PER_INDEX'
2019-12-26 09:23:33 2244 [Note] Shutting down plugin 'INNODB_CMPMEM_RESET'
2019-12-26 09:23:33 2244 [Note] Shutting down plugin 'INNODB_CMPMEM'
2019-12-26 09:23:33 2244 [Note] Shutting down plugin 'INNODB_CMP_RESET'
2019-12-26 09:23:33 2244 [Note] Shutting down plugin 'INNODB_CMP'
2019-12-26 09:23:33 2244 [Note] Shutting down plugin 'INNODB_LOCK_WAITS'
2019-12-26 09:23:33 2244 [Note] Shutting down plugin 'INNODB_LOCKS'
2019-12-26 09:23:33 2244 [Note] Shutting down plugin 'INNODB_TRX'
2019-12-26 09:23:33 2244 [Note] Shutting down plugin 'InnoDB'
2019-12-26 09:23:33 2244 [Note] InnoDB: FTS optimize thread exiting.
2019-12-26 09:23:33 2244 [Note] InnoDB: Starting shutdown...
2019-12-26 09:23:34 2244 [Note] InnoDB: Shutdown completed; log sequence number 6543917
2019-12-26 09:23:34 2244 [Note] Shutting down plugin 'BLACKHOLE'
2019-12-26 09:23:34 2244 [Note] Shutting down plugin 'ARCHIVE'
2019-12-26 09:23:34 2244 [Note] Shutting down plugin 'MRG_MYISAM'
2019-12-26 09:23:34 2244 [Note] Shutting down plugin 'MyISAM'
2019-12-26 09:23:34 2244 [Note] Shutting down plugin 'MEMORY'
2019-12-26 09:23:34 2244 [Note] Shutting down plugin 'CSV'
2019-12-26 09:23:34 2244 [Note] Shutting down plugin 'sha256_password'
2019-12-26 09:23:34 2244 [Note] Shutting down plugin 'mysql_old_password'
2019-12-26 09:23:34 2244 [Note] Shutting down plugin 'mysql_native_password'
2019-12-26 09:23:34 2244 [Note] Shutting down plugin 'binlog'
2019-12-26 09:23:34 2244 [Note] C:\Users\Stephane\Desktop\usbwebserver/mysql/bin/mysqld_usbwv8.exe: Shutdown complete

2019-12-26 09:24:48 856 [Note] Plugin 'FEDERATED' is disabled.
2019-12-26 09:24:48 856 [Note] InnoDB: The InnoDB memory heap is disabled
2019-12-26 09:24:48 856 [Note] InnoDB: Mutexes and rw_locks use Windows interlocked functions
2019-12-26 09:24:48 856 [Note] InnoDB: Compressed tables use zlib 1.2.3
2019-12-26 09:24:48 856 [Note] InnoDB: Not using CPU crc32 instructions
2019-12-26 09:24:48 856 [Note] InnoDB: Initializing buffer pool, size = 128.0M
2019-12-26 09:24:48 856 [Note] InnoDB: Completed initialization of buffer pool
2019-12-26 09:24:48 856 [Note] InnoDB: Highest supported file format is Barracuda.
2019-12-26 09:24:48 856 [Note] InnoDB: 128 rollback segment(s) are active.
2019-12-26 09:24:48 856 [Note] InnoDB: Waiting for purge to start
2019-12-26 09:24:49 856 [Note] InnoDB: 5.6.13 started; log sequence number 6543917
2019-12-26 09:24:49 856 [Note] Server hostname (bind-address): '*'; port: 3307
2019-12-26 09:24:49 856 [Note] IPv6 is available.
2019-12-26 09:24:49 856 [Note]   - '::' resolves to '::';
2019-12-26 09:24:49 856 [Note] Server socket created on IP: '::'.
2019-12-26 09:24:49 856 [ERROR] Can't start server: Bind on TCP/IP port: No such file or directory
2019-12-26 09:24:49 856 [ERROR] Do you already have another mysqld server running on port: 3307 ?
2019-12-26 09:24:49 856 [ERROR] Aborting

2019-12-26 09:24:49 856 [Note] Binlog end
2019-12-26 09:24:49 856 [Note] Shutting down plugin 'partition'
2019-12-26 09:24:49 856 [Note] Shutting down plugin 'PERFORMANCE_SCHEMA'
2019-12-26 09:24:49 856 [Note] Shutting down plugin 'INNODB_SYS_DATAFILES'
2019-12-26 09:24:49 856 [Note] Shutting down plugin 'INNODB_SYS_TABLESPACES'
2019-12-26 09:24:49 856 [Note] Shutting down plugin 'INNODB_SYS_FOREIGN_COLS'
2019-12-26 09:24:49 856 [Note] Shutting down plugin 'INNODB_SYS_FOREIGN'
2019-12-26 09:24:49 856 [Note] Shutting down plugin 'INNODB_SYS_FIELDS'
2019-12-26 09:24:49 856 [Note] Shutting down plugin 'INNODB_SYS_COLUMNS'
2019-12-26 09:24:49 856 [Note] Shutting down plugin 'INNODB_SYS_INDEXES'
2019-12-26 09:24:49 856 [Note] Shutting down plugin 'INNODB_SYS_TABLESTATS'
2019-12-26 09:24:49 856 [Note] Shutting down plugin 'INNODB_SYS_TABLES'
2019-12-26 09:24:49 856 [Note] Shutting down plugin 'INNODB_FT_INDEX_TABLE'
2019-12-26 09:24:49 856 [Note] Shutting down plugin 'INNODB_FT_INDEX_CACHE'
2019-12-26 09:24:49 856 [Note] Shutting down plugin 'INNODB_FT_CONFIG'
2019-12-26 09:24:49 856 [Note] Shutting down plugin 'INNODB_FT_BEING_DELETED'
2019-12-26 09:24:49 856 [Note] Shutting down plugin 'INNODB_FT_DELETED'
2019-12-26 09:24:49 856 [Note] Shutting down plugin 'INNODB_FT_DEFAULT_STOPWORD'
2019-12-26 09:24:49 856 [Note] Shutting down plugin 'INNODB_METRICS'
2019-12-26 09:24:49 856 [Note] Shutting down plugin 'INNODB_BUFFER_POOL_STATS'
2019-12-26 09:24:49 856 [Note] Shutting down plugin 'INNODB_BUFFER_PAGE_LRU'
2019-12-26 09:24:49 856 [Note] Shutting down plugin 'INNODB_BUFFER_PAGE'
2019-12-26 09:24:49 856 [Note] Shutting down plugin 'INNODB_CMP_PER_INDEX_RESET'
2019-12-26 09:24:49 856 [Note] Shutting down plugin 'INNODB_CMP_PER_INDEX'
2019-12-26 09:24:49 856 [Note] Shutting down plugin 'INNODB_CMPMEM_RESET'
2019-12-26 09:24:49 856 [Note] Shutting down plugin 'INNODB_CMPMEM'
2019-12-26 09:24:49 856 [Note] Shutting down plugin 'INNODB_CMP_RESET'
2019-12-26 09:24:49 856 [Note] Shutting down plugin 'INNODB_CMP'
2019-12-26 09:24:49 856 [Note] Shutting down plugin 'INNODB_LOCK_WAITS'
2019-12-26 09:24:49 856 [Note] Shutting down plugin 'INNODB_LOCKS'
2019-12-26 09:24:49 856 [Note] Shutting down plugin 'INNODB_TRX'
2019-12-26 09:24:49 856 [Note] Shutting down plugin 'InnoDB'
2019-12-26 09:24:49 856 [Note] InnoDB: FTS optimize thread exiting.
2019-12-26 09:24:49 856 [Note] InnoDB: Starting shutdown...
2019-12-26 09:24:50 856 [Note] InnoDB: Shutdown completed; log sequence number 6543927
2019-12-26 09:24:50 856 [Note] Shutting down plugin 'BLACKHOLE'
2019-12-26 09:24:50 856 [Note] Shutting down plugin 'ARCHIVE'
2019-12-26 09:24:50 856 [Note] Shutting down plugin 'MRG_MYISAM'
2019-12-26 09:24:50 856 [Note] Shutting down plugin 'MyISAM'
2019-12-26 09:24:50 856 [Note] Shutting down plugin 'MEMORY'
2019-12-26 09:24:50 856 [Note] Shutting down plugin 'CSV'
2019-12-26 09:24:50 856 [Note] Shutting down plugin 'sha256_password'
2019-12-26 09:24:50 856 [Note] Shutting down plugin 'mysql_old_password'
2019-12-26 09:24:50 856 [Note] Shutting down plugin 'mysql_native_password'
2019-12-26 09:24:50 856 [Note] Shutting down plugin 'binlog'
2019-12-26 09:24:50 856 [Note] C:\Users\Stephane\Desktop\usbwebserver/mysql/bin/mysqld_usbwv8.exe: Shutdown complete

2019-12-26 10:03:02 16760 [Note] Plugin 'FEDERATED' is disabled.
2019-12-26 10:03:02 16760 [Note] InnoDB: The InnoDB memory heap is disabled
2019-12-26 10:03:02 16760 [Note] InnoDB: Mutexes and rw_locks use Windows interlocked functions
2019-12-26 10:03:02 16760 [Note] InnoDB: Compressed tables use zlib 1.2.3
2019-12-26 10:03:02 16760 [Note] InnoDB: Not using CPU crc32 instructions
2019-12-26 10:03:02 16760 [Note] InnoDB: Initializing buffer pool, size = 128.0M
2019-12-26 10:03:02 16760 [Note] InnoDB: Completed initialization of buffer pool
2019-12-26 10:03:02 16760 [Note] InnoDB: Highest supported file format is Barracuda.
2019-12-26 10:03:02 16760 [Note] InnoDB: 128 rollback segment(s) are active.
2019-12-26 10:03:02 16760 [Note] InnoDB: Waiting for purge to start
2019-12-26 10:03:02 16760 [Note] InnoDB: 5.6.13 started; log sequence number 6543927
2019-12-26 10:03:02 16760 [Note] Server hostname (bind-address): '*'; port: 3307
2019-12-26 10:03:02 16760 [Note] IPv6 is available.
2019-12-26 10:03:02 16760 [Note]   - '::' resolves to '::';
2019-12-26 10:03:02 16760 [Note] Server socket created on IP: '::'.
2019-12-26 10:03:02 16760 [ERROR] Can't start server: Bind on TCP/IP port: No such file or directory
2019-12-26 10:03:02 16760 [ERROR] Do you already have another mysqld server running on port: 3307 ?
2019-12-26 10:03:02 16760 [ERROR] Aborting

2019-12-26 10:03:02 16760 [Note] Binlog end
2019-12-26 10:03:02 16760 [Note] Shutting down plugin 'partition'
2019-12-26 10:03:02 16760 [Note] Shutting down plugin 'PERFORMANCE_SCHEMA'
2019-12-26 10:03:02 16760 [Note] Shutting down plugin 'INNODB_SYS_DATAFILES'
2019-12-26 10:03:02 16760 [Note] Shutting down plugin 'INNODB_SYS_TABLESPACES'
2019-12-26 10:03:02 16760 [Note] Shutting down plugin 'INNODB_SYS_FOREIGN_COLS'
2019-12-26 10:03:02 16760 [Note] Shutting down plugin 'INNODB_SYS_FOREIGN'
2019-12-26 10:03:02 16760 [Note] Shutting down plugin 'INNODB_SYS_FIELDS'
2019-12-26 10:03:02 16760 [Note] Shutting down plugin 'INNODB_SYS_COLUMNS'
2019-12-26 10:03:02 16760 [Note] Shutting down plugin 'INNODB_SYS_INDEXES'
2019-12-26 10:03:02 16760 [Note] Shutting down plugin 'INNODB_SYS_TABLESTATS'
2019-12-26 10:03:02 16760 [Note] Shutting down plugin 'INNODB_SYS_TABLES'
2019-12-26 10:03:02 16760 [Note] Shutting down plugin 'INNODB_FT_INDEX_TABLE'
2019-12-26 10:03:02 16760 [Note] Shutting down plugin 'INNODB_FT_INDEX_CACHE'
2019-12-26 10:03:02 16760 [Note] Shutting down plugin 'INNODB_FT_CONFIG'
2019-12-26 10:03:02 16760 [Note] Shutting down plugin 'INNODB_FT_BEING_DELETED'
2019-12-26 10:03:02 16760 [Note] Shutting down plugin 'INNODB_FT_DELETED'
2019-12-26 10:03:02 16760 [Note] Shutting down plugin 'INNODB_FT_DEFAULT_STOPWORD'
2019-12-26 10:03:02 16760 [Note] Shutting down plugin 'INNODB_METRICS'
2019-12-26 10:03:02 16760 [Note] Shutting down plugin 'INNODB_BUFFER_POOL_STATS'
2019-12-26 10:03:02 16760 [Note] Shutting down plugin 'INNODB_BUFFER_PAGE_LRU'
2019-12-26 10:03:02 16760 [Note] Shutting down plugin 'INNODB_BUFFER_PAGE'
2019-12-26 10:03:02 16760 [Note] Shutting down plugin 'INNODB_CMP_PER_INDEX_RESET'
2019-12-26 10:03:02 16760 [Note] Shutting down plugin 'INNODB_CMP_PER_INDEX'
2019-12-26 10:03:02 16760 [Note] Shutting down plugin 'INNODB_CMPMEM_RESET'
2019-12-26 10:03:02 16760 [Note] Shutting down plugin 'INNODB_CMPMEM'
2019-12-26 10:03:02 16760 [Note] Shutting down plugin 'INNODB_CMP_RESET'
2019-12-26 10:03:02 16760 [Note] Shutting down plugin 'INNODB_CMP'
2019-12-26 10:03:02 16760 [Note] Shutting down plugin 'INNODB_LOCK_WAITS'
2019-12-26 10:03:02 16760 [Note] Shutting down plugin 'INNODB_LOCKS'
2019-12-26 10:03:02 16760 [Note] Shutting down plugin 'INNODB_TRX'
2019-12-26 10:03:02 16760 [Note] Shutting down plugin 'InnoDB'
2019-12-26 10:03:02 16760 [Note] InnoDB: FTS optimize thread exiting.
2019-12-26 10:03:02 16760 [Note] InnoDB: Starting shutdown...
2019-12-26 10:03:03 16760 [Note] InnoDB: Shutdown completed; log sequence number 6543937
2019-12-26 10:03:03 16760 [Note] Shutting down plugin 'BLACKHOLE'
2019-12-26 10:03:03 16760 [Note] Shutting down plugin 'ARCHIVE'
2019-12-26 10:03:03 16760 [Note] Shutting down plugin 'MRG_MYISAM'
2019-12-26 10:03:03 16760 [Note] Shutting down plugin 'MyISAM'
2019-12-26 10:03:03 16760 [Note] Shutting down plugin 'MEMORY'
2019-12-26 10:03:03 16760 [Note] Shutting down plugin 'CSV'
2019-12-26 10:03:03 16760 [Note] Shutting down plugin 'sha256_password'
2019-12-26 10:03:03 16760 [Note] Shutting down plugin 'mysql_old_password'
2019-12-26 10:03:03 16760 [Note] Shutting down plugin 'mysql_native_password'
2019-12-26 10:03:03 16760 [Note] Shutting down plugin 'binlog'
2019-12-26 10:03:03 16760 [Note] C:\Users\Stephane\Desktop\usbwebserver/mysql/bin/mysqld_usbwv8.exe: Shutdown complete

2019-12-26 10:03:21 16512 [Note] Plugin 'FEDERATED' is disabled.
2019-12-26 10:03:21 16512 [Note] InnoDB: The InnoDB memory heap is disabled
2019-12-26 10:03:21 16512 [Note] InnoDB: Mutexes and rw_locks use Windows interlocked functions
2019-12-26 10:03:21 16512 [Note] InnoDB: Compressed tables use zlib 1.2.3
2019-12-26 10:03:21 16512 [Note] InnoDB: Not using CPU crc32 instructions
2019-12-26 10:03:21 16512 [Note] InnoDB: Initializing buffer pool, size = 128.0M
2019-12-26 10:03:21 16512 [Note] InnoDB: Completed initialization of buffer pool
2019-12-26 10:03:21 16512 [Note] InnoDB: Highest supported file format is Barracuda.
2019-12-26 10:03:21 16512 [Note] InnoDB: 128 rollback segment(s) are active.
2019-12-26 10:03:21 16512 [Note] InnoDB: Waiting for purge to start
2019-12-26 10:03:21 16512 [Note] InnoDB: 5.6.13 started; log sequence number 6543937
2019-12-26 10:03:21 16512 [Note] Server hostname (bind-address): '*'; port: 3308
2019-12-26 10:03:21 16512 [Note] IPv6 is available.
2019-12-26 10:03:21 16512 [Note]   - '::' resolves to '::';
2019-12-26 10:03:21 16512 [Note] Server socket created on IP: '::'.
2019-12-26 10:03:33 16736 [Note] Plugin 'FEDERATED' is disabled.
2019-12-26 10:03:33 16736 [Note] InnoDB: The InnoDB memory heap is disabled
2019-12-26 10:03:33 16736 [Note] InnoDB: Mutexes and rw_locks use Windows interlocked functions
2019-12-26 10:03:33 16736 [Note] InnoDB: Compressed tables use zlib 1.2.3
2019-12-26 10:03:33 16736 [Note] InnoDB: Not using CPU crc32 instructions
2019-12-26 10:03:33 16736 [Note] InnoDB: Initializing buffer pool, size = 128.0M
2019-12-26 10:03:33 16736 [Note] InnoDB: Completed initialization of buffer pool
2019-12-26 10:03:33 16736 [Note] InnoDB: Highest supported file format is Barracuda.
2019-12-26 10:03:33 16736 [Note] InnoDB: The log sequence numbers 6543937 and 6543937 in ibdata files do not match the log sequence number 6543947 in the ib_logfiles!
2019-12-26 10:03:33 16736 [Note] InnoDB: Database was not shutdown normally!
2019-12-26 10:03:33 16736 [Note] InnoDB: Starting crash recovery.
2019-12-26 10:03:33 16736 [Note] InnoDB: Reading tablespace information from the .ibd files...
2019-12-26 10:03:33 16736 [Note] InnoDB: Restoring possible half-written data pages 
2019-12-26 10:03:33 16736 [Note] InnoDB: from the doublewrite buffer...
2019-12-26 10:03:33 16736 [Note] InnoDB: 128 rollback segment(s) are active.
2019-12-26 10:03:33 16736 [Note] InnoDB: Waiting for purge to start
2019-12-26 10:03:33 16736 [Note] InnoDB: 5.6.13 started; log sequence number 6543947
2019-12-26 10:03:33 16736 [Note] Server hostname (bind-address): '*'; port: 3307
2019-12-26 10:03:33 16736 [Note] IPv6 is available.
2019-12-26 10:03:33 16736 [Note]   - '::' resolves to '::';
2019-12-26 10:03:33 16736 [Note] Server socket created on IP: '::'.
2019-12-26 10:03:33 16736 [ERROR] Can't start server: Bind on TCP/IP port: No such file or directory
2019-12-26 10:03:33 16736 [ERROR] Do you already have another mysqld server running on port: 3307 ?
2019-12-26 10:03:33 16736 [ERROR] Aborting

2019-12-26 10:03:33 16736 [Note] Binlog end
2019-12-26 10:03:33 16736 [Note] Shutting down plugin 'partition'
2019-12-26 10:03:33 16736 [Note] Shutting down plugin 'PERFORMANCE_SCHEMA'
2019-12-26 10:03:33 16736 [Note] Shutting down plugin 'INNODB_SYS_DATAFILES'
2019-12-26 10:03:33 16736 [Note] Shutting down plugin 'INNODB_SYS_TABLESPACES'
2019-12-26 10:03:33 16736 [Note] Shutting down plugin 'INNODB_SYS_FOREIGN_COLS'
2019-12-26 10:03:33 16736 [Note] Shutting down plugin 'INNODB_SYS_FOREIGN'
2019-12-26 10:03:33 16736 [Note] Shutting down plugin 'INNODB_SYS_FIELDS'
2019-12-26 10:03:33 16736 [Note] Shutting down plugin 'INNODB_SYS_COLUMNS'
2019-12-26 10:03:33 16736 [Note] Shutting down plugin 'INNODB_SYS_INDEXES'
2019-12-26 10:03:33 16736 [Note] Shutting down plugin 'INNODB_SYS_TABLESTATS'
2019-12-26 10:03:33 16736 [Note] Shutting down plugin 'INNODB_SYS_TABLES'
2019-12-26 10:03:33 16736 [Note] Shutting down plugin 'INNODB_FT_INDEX_TABLE'
2019-12-26 10:03:33 16736 [Note] Shutting down plugin 'INNODB_FT_INDEX_CACHE'
2019-12-26 10:03:33 16736 [Note] Shutting down plugin 'INNODB_FT_CONFIG'
2019-12-26 10:03:33 16736 [Note] Shutting down plugin 'INNODB_FT_BEING_DELETED'
2019-12-26 10:03:33 16736 [Note] Shutting down plugin 'INNODB_FT_DELETED'
2019-12-26 10:03:33 16736 [Note] Shutting down plugin 'INNODB_FT_DEFAULT_STOPWORD'
2019-12-26 10:03:33 16736 [Note] Shutting down plugin 'INNODB_METRICS'
2019-12-26 10:03:33 16736 [Note] Shutting down plugin 'INNODB_BUFFER_POOL_STATS'
2019-12-26 10:03:33 16736 [Note] Shutting down plugin 'INNODB_BUFFER_PAGE_LRU'
2019-12-26 10:03:33 16736 [Note] Shutting down plugin 'INNODB_BUFFER_PAGE'
2019-12-26 10:03:33 16736 [Note] Shutting down plugin 'INNODB_CMP_PER_INDEX_RESET'
2019-12-26 10:03:33 16736 [Note] Shutting down plugin 'INNODB_CMP_PER_INDEX'
2019-12-26 10:03:33 16736 [Note] Shutting down plugin 'INNODB_CMPMEM_RESET'
2019-12-26 10:03:33 16736 [Note] Shutting down plugin 'INNODB_CMPMEM'
2019-12-26 10:03:33 16736 [Note] Shutting down plugin 'INNODB_CMP_RESET'
2019-12-26 10:03:33 16736 [Note] Shutting down plugin 'INNODB_CMP'
2019-12-26 10:03:33 16736 [Note] Shutting down plugin 'INNODB_LOCK_WAITS'
2019-12-26 10:03:33 16736 [Note] Shutting down plugin 'INNODB_LOCKS'
2019-12-26 10:03:33 16736 [Note] Shutting down plugin 'INNODB_TRX'
2019-12-26 10:03:33 16736 [Note] Shutting down plugin 'InnoDB'
2019-12-26 10:03:33 16736 [Note] InnoDB: FTS optimize thread exiting.
2019-12-26 10:03:33 16736 [Note] InnoDB: Starting shutdown...
2019-12-26 10:03:34 16736 [Note] InnoDB: Shutdown completed; log sequence number 6543957
2019-12-26 10:03:34 16736 [Note] Shutting down plugin 'BLACKHOLE'
2019-12-26 10:03:34 16736 [Note] Shutting down plugin 'ARCHIVE'
2019-12-26 10:03:34 16736 [Note] Shutting down plugin 'MRG_MYISAM'
2019-12-26 10:03:34 16736 [Note] Shutting down plugin 'MyISAM'
2019-12-26 10:03:34 16736 [Note] Shutting down plugin 'MEMORY'
2019-12-26 10:03:34 16736 [Note] Shutting down plugin 'CSV'
2019-12-26 10:03:34 16736 [Note] Shutting down plugin 'sha256_password'
2019-12-26 10:03:34 16736 [Note] Shutting down plugin 'mysql_old_password'
2019-12-26 10:03:34 16736 [Note] Shutting down plugin 'mysql_native_password'
2019-12-26 10:03:34 16736 [Note] Shutting down plugin 'binlog'
2019-12-26 10:03:34 16736 [Note] C:\Users\Stephane\Desktop\usbwebserver/mysql/bin/mysqld_usbwv8.exe: Shutdown complete

2019-12-26 10:03:50 9788 [Note] Plugin 'FEDERATED' is disabled.
2019-12-26 10:03:50 9788 [Note] InnoDB: The InnoDB memory heap is disabled
2019-12-26 10:03:50 9788 [Note] InnoDB: Mutexes and rw_locks use Windows interlocked functions
2019-12-26 10:03:50 9788 [Note] InnoDB: Compressed tables use zlib 1.2.3
2019-12-26 10:03:50 9788 [Note] InnoDB: Not using CPU crc32 instructions
2019-12-26 10:03:50 9788 [Note] InnoDB: Initializing buffer pool, size = 128.0M
2019-12-26 10:03:50 9788 [Note] InnoDB: Completed initialization of buffer pool
2019-12-26 10:03:50 9788 [Note] InnoDB: Highest supported file format is Barracuda.
2019-12-26 10:03:50 9788 [Note] InnoDB: 128 rollback segment(s) are active.
2019-12-26 10:03:50 9788 [Note] InnoDB: Waiting for purge to start
2019-12-26 10:03:50 9788 [Note] InnoDB: 5.6.13 started; log sequence number 6543957
2019-12-26 10:03:50 9788 [Note] Server hostname (bind-address): '*'; port: 3308
2019-12-26 10:03:50 9788 [Note] IPv6 is available.
2019-12-26 10:03:50 9788 [Note]   - '::' resolves to '::';
2019-12-26 10:03:50 9788 [Note] Server socket created on IP: '::'.
2019-12-26 10:03:50 9788 [Note] Event Scheduler: Loaded 0 events
2019-12-26 10:03:50 9788 [Note] C:\Users\Stephane\Desktop\usbwebserver/mysql/bin/mysqld_usbwv8.exe: ready for connections.
Version: '5.6.13'  socket: ''  port: 3308  MySQL Community Server (GPL)
2019-12-26 10:04:48 14896 [Note] Plugin 'FEDERATED' is disabled.
2019-12-26 10:04:48 14896 [Note] InnoDB: The InnoDB memory heap is disabled
2019-12-26 10:04:48 14896 [Note] InnoDB: Mutexes and rw_locks use Windows interlocked functions
2019-12-26 10:04:48 14896 [Note] InnoDB: Compressed tables use zlib 1.2.3
2019-12-26 10:04:48 14896 [Note] InnoDB: Not using CPU crc32 instructions
2019-12-26 10:04:48 14896 [Note] InnoDB: Initializing buffer pool, size = 128.0M
2019-12-26 10:04:48 14896 [Note] InnoDB: Completed initialization of buffer pool
2019-12-26 10:04:48 14896 [Note] InnoDB: Highest supported file format is Barracuda.
2019-12-26 10:04:48 14896 [Note] InnoDB: The log sequence numbers 6543957 and 6543957 in ibdata files do not match the log sequence number 6543967 in the ib_logfiles!
2019-12-26 10:04:48 14896 [Note] InnoDB: Database was not shutdown normally!
2019-12-26 10:04:48 14896 [Note] InnoDB: Starting crash recovery.
2019-12-26 10:04:48 14896 [Note] InnoDB: Reading tablespace information from the .ibd files...
2019-12-26 10:04:48 14896 [Note] InnoDB: Restoring possible half-written data pages 
2019-12-26 10:04:48 14896 [Note] InnoDB: from the doublewrite buffer...
2019-12-26 10:04:48 14896 [Note] InnoDB: 128 rollback segment(s) are active.
2019-12-26 10:04:48 14896 [Note] InnoDB: Waiting for purge to start
2019-12-26 10:04:48 14896 [Note] InnoDB: 5.6.13 started; log sequence number 6543967
2019-12-26 10:04:48 14896 [Note] Server hostname (bind-address): '*'; port: 3307
2019-12-26 10:04:48 14896 [Note] IPv6 is available.
2019-12-26 10:04:48 14896 [Note]   - '::' resolves to '::';
2019-12-26 10:04:48 14896 [Note] Server socket created on IP: '::'.
2019-12-26 10:04:48 14896 [ERROR] Can't start server: Bind on TCP/IP port: No such file or directory
2019-12-26 10:04:48 14896 [ERROR] Do you already have another mysqld server running on port: 3307 ?
2019-12-26 10:04:48 14896 [ERROR] Aborting

2019-12-26 10:04:48 14896 [Note] Binlog end
2019-12-26 10:04:48 14896 [Note] Shutting down plugin 'partition'
2019-12-26 10:04:48 14896 [Note] Shutting down plugin 'PERFORMANCE_SCHEMA'
2019-12-26 10:04:48 14896 [Note] Shutting down plugin 'INNODB_SYS_DATAFILES'
2019-12-26 10:04:48 14896 [Note] Shutting down plugin 'INNODB_SYS_TABLESPACES'
2019-12-26 10:04:48 14896 [Note] Shutting down plugin 'INNODB_SYS_FOREIGN_COLS'
2019-12-26 10:04:48 14896 [Note] Shutting down plugin 'INNODB_SYS_FOREIGN'
2019-12-26 10:04:48 14896 [Note] Shutting down plugin 'INNODB_SYS_FIELDS'
2019-12-26 10:04:48 14896 [Note] Shutting down plugin 'INNODB_SYS_COLUMNS'
2019-12-26 10:04:48 14896 [Note] Shutting down plugin 'INNODB_SYS_INDEXES'
2019-12-26 10:04:48 14896 [Note] Shutting down plugin 'INNODB_SYS_TABLESTATS'
2019-12-26 10:04:48 14896 [Note] Shutting down plugin 'INNODB_SYS_TABLES'
2019-12-26 10:04:48 14896 [Note] Shutting down plugin 'INNODB_FT_INDEX_TABLE'
2019-12-26 10:04:48 14896 [Note] Shutting down plugin 'INNODB_FT_INDEX_CACHE'
2019-12-26 10:04:48 14896 [Note] Shutting down plugin 'INNODB_FT_CONFIG'
2019-12-26 10:04:48 14896 [Note] Shutting down plugin 'INNODB_FT_BEING_DELETED'
2019-12-26 10:04:48 14896 [Note] Shutting down plugin 'INNODB_FT_DELETED'
2019-12-26 10:04:48 14896 [Note] Shutting down plugin 'INNODB_FT_DEFAULT_STOPWORD'
2019-12-26 10:04:48 14896 [Note] Shutting down plugin 'INNODB_METRICS'
2019-12-26 10:04:48 14896 [Note] Shutting down plugin 'INNODB_BUFFER_POOL_STATS'
2019-12-26 10:04:48 14896 [Note] Shutting down plugin 'INNODB_BUFFER_PAGE_LRU'
2019-12-26 10:04:48 14896 [Note] Shutting down plugin 'INNODB_BUFFER_PAGE'
2019-12-26 10:04:48 14896 [Note] Shutting down plugin 'INNODB_CMP_PER_INDEX_RESET'
2019-12-26 10:04:48 14896 [Note] Shutting down plugin 'INNODB_CMP_PER_INDEX'
2019-12-26 10:04:48 14896 [Note] Shutting down plugin 'INNODB_CMPMEM_RESET'
2019-12-26 10:04:48 14896 [Note] Shutting down plugin 'INNODB_CMPMEM'
2019-12-26 10:04:48 14896 [Note] Shutting down plugin 'INNODB_CMP_RESET'
2019-12-26 10:04:48 14896 [Note] Shutting down plugin 'INNODB_CMP'
2019-12-26 10:04:48 14896 [Note] Shutting down plugin 'INNODB_LOCK_WAITS'
2019-12-26 10:04:48 14896 [Note] Shutting down plugin 'INNODB_LOCKS'
2019-12-26 10:04:48 14896 [Note] Shutting down plugin 'INNODB_TRX'
2019-12-26 10:04:48 14896 [Note] Shutting down plugin 'InnoDB'
2019-12-26 10:04:48 14896 [Note] InnoDB: FTS optimize thread exiting.
2019-12-26 10:04:48 14896 [Note] InnoDB: Starting shutdown...
2019-12-26 10:04:49 14896 [Note] InnoDB: Shutdown completed; log sequence number 6543977
2019-12-26 10:04:49 14896 [Note] Shutting down plugin 'BLACKHOLE'
2019-12-26 10:04:49 14896 [Note] Shutting down plugin 'ARCHIVE'
2019-12-26 10:04:49 14896 [Note] Shutting down plugin 'MRG_MYISAM'
2019-12-26 10:04:49 14896 [Note] Shutting down plugin 'MyISAM'
2019-12-26 10:04:49 14896 [Note] Shutting down plugin 'MEMORY'
2019-12-26 10:04:49 14896 [Note] Shutting down plugin 'CSV'
2019-12-26 10:04:49 14896 [Note] Shutting down plugin 'sha256_password'
2019-12-26 10:04:49 14896 [Note] Shutting down plugin 'mysql_old_password'
2019-12-26 10:04:49 14896 [Note] Shutting down plugin 'mysql_native_password'
2019-12-26 10:04:49 14896 [Note] Shutting down plugin 'binlog'
2019-12-26 10:04:49 14896 [Note] C:\Users\Stephane\Desktop\usbwebserver/mysql/bin/mysqld_usbwv8.exe: Shutdown complete

2019-12-26 10:05:09 13296 [Note] Plugin 'FEDERATED' is disabled.
2019-12-26 10:05:09 13296 [Note] InnoDB: The InnoDB memory heap is disabled
2019-12-26 10:05:09 13296 [Note] InnoDB: Mutexes and rw_locks use Windows interlocked functions
2019-12-26 10:05:09 13296 [Note] InnoDB: Compressed tables use zlib 1.2.3
2019-12-26 10:05:09 13296 [Note] InnoDB: Not using CPU crc32 instructions
2019-12-26 10:05:09 13296 [Note] InnoDB: Initializing buffer pool, size = 128.0M
2019-12-26 10:05:09 13296 [Note] InnoDB: Completed initialization of buffer pool
2019-12-26 10:05:09 13296 [Note] InnoDB: Highest supported file format is Barracuda.
2019-12-26 10:05:09 13296 [Note] InnoDB: 128 rollback segment(s) are active.
2019-12-26 10:05:09 13296 [Note] InnoDB: Waiting for purge to start
2019-12-26 10:05:10 13296 [Note] InnoDB: 5.6.13 started; log sequence number 6543977
2019-12-26 10:05:10 13296 [Note] Server hostname (bind-address): '*'; port: 3308
2019-12-26 10:05:10 13296 [Note] IPv6 is available.
2019-12-26 10:05:10 13296 [Note]   - '::' resolves to '::';
2019-12-26 10:05:10 13296 [Note] Server socket created on IP: '::'.
2019-12-26 12:15:18 7592 [Note] Plugin 'FEDERATED' is disabled.
2019-12-26 12:15:18 7592 [Note] InnoDB: The InnoDB memory heap is disabled
2019-12-26 12:15:18 7592 [Note] InnoDB: Mutexes and rw_locks use Windows interlocked functions
2019-12-26 12:15:18 7592 [Note] InnoDB: Compressed tables use zlib 1.2.3
2019-12-26 12:15:18 7592 [Note] InnoDB: Not using CPU crc32 instructions
2019-12-26 12:15:18 7592 [Note] InnoDB: Initializing buffer pool, size = 128.0M
2019-12-26 12:15:18 7592 [Note] InnoDB: Completed initialization of buffer pool
2019-12-26 12:15:18 7592 [Note] InnoDB: Highest supported file format is Barracuda.
2019-12-26 12:15:18 7592 [Note] InnoDB: The log sequence numbers 6543977 and 6543977 in ibdata files do not match the log sequence number 6544037 in the ib_logfiles!
2019-12-26 12:15:18 7592 [Note] InnoDB: Database was not shutdown normally!
2019-12-26 12:15:18 7592 [Note] InnoDB: Starting crash recovery.
2019-12-26 12:15:18 7592 [Note] InnoDB: Reading tablespace information from the .ibd files...
2019-12-26 12:15:18 7592 [Note] InnoDB: Restoring possible half-written data pages 
2019-12-26 12:15:18 7592 [Note] InnoDB: from the doublewrite buffer...
2019-12-26 12:15:18 7592 [Note] InnoDB: 128 rollback segment(s) are active.
2019-12-26 12:15:18 7592 [Note] InnoDB: Waiting for purge to start
2019-12-26 12:15:18 7592 [Note] InnoDB: 5.6.13 started; log sequence number 6544037
2019-12-26 12:15:18 7592 [Note] Server hostname (bind-address): '*'; port: 3306
2019-12-26 12:15:18 7592 [Note] IPv6 is available.
2019-12-26 12:15:18 7592 [Note]   - '::' resolves to '::';
2019-12-26 12:15:18 7592 [Note] Server socket created on IP: '::'.
2019-12-26 12:15:18 7592 [ERROR] Can't start server: Bind on TCP/IP port: No such file or directory
2019-12-26 12:15:18 7592 [ERROR] Do you already have another mysqld server running on port: 3306 ?
2019-12-26 12:15:18 7592 [ERROR] Aborting

2019-12-26 12:15:18 7592 [Note] Binlog end
2019-12-26 12:15:18 7592 [Note] Shutting down plugin 'partition'
2019-12-26 12:15:18 7592 [Note] Shutting down plugin 'PERFORMANCE_SCHEMA'
2019-12-26 12:15:18 7592 [Note] Shutting down plugin 'INNODB_SYS_DATAFILES'
2019-12-26 12:15:18 7592 [Note] Shutting down plugin 'INNODB_SYS_TABLESPACES'
2019-12-26 12:15:18 7592 [Note] Shutting down plugin 'INNODB_SYS_FOREIGN_COLS'
2019-12-26 12:15:18 7592 [Note] Shutting down plugin 'INNODB_SYS_FOREIGN'
2019-12-26 12:15:18 7592 [Note] Shutting down plugin 'INNODB_SYS_FIELDS'
2019-12-26 12:15:18 7592 [Note] Shutting down plugin 'INNODB_SYS_COLUMNS'
2019-12-26 12:15:18 7592 [Note] Shutting down plugin 'INNODB_SYS_INDEXES'
2019-12-26 12:15:18 7592 [Note] Shutting down plugin 'INNODB_SYS_TABLESTATS'
2019-12-26 12:15:18 7592 [Note] Shutting down plugin 'INNODB_SYS_TABLES'
2019-12-26 12:15:18 7592 [Note] Shutting down plugin 'INNODB_FT_INDEX_TABLE'
2019-12-26 12:15:18 7592 [Note] Shutting down plugin 'INNODB_FT_INDEX_CACHE'
2019-12-26 12:15:18 7592 [Note] Shutting down plugin 'INNODB_FT_CONFIG'
2019-12-26 12:15:18 7592 [Note] Shutting down plugin 'INNODB_FT_BEING_DELETED'
2019-12-26 12:15:18 7592 [Note] Shutting down plugin 'INNODB_FT_DELETED'
2019-12-26 12:15:18 7592 [Note] Shutting down plugin 'INNODB_FT_DEFAULT_STOPWORD'
2019-12-26 12:15:18 7592 [Note] Shutting down plugin 'INNODB_METRICS'
2019-12-26 12:15:18 7592 [Note] Shutting down plugin 'INNODB_BUFFER_POOL_STATS'
2019-12-26 12:15:18 7592 [Note] Shutting down plugin 'INNODB_BUFFER_PAGE_LRU'
2019-12-26 12:15:18 7592 [Note] Shutting down plugin 'INNODB_BUFFER_PAGE'
2019-12-26 12:15:18 7592 [Note] Shutting down plugin 'INNODB_CMP_PER_INDEX_RESET'
2019-12-26 12:15:18 7592 [Note] Shutting down plugin 'INNODB_CMP_PER_INDEX'
2019-12-26 12:15:18 7592 [Note] Shutting down plugin 'INNODB_CMPMEM_RESET'
2019-12-26 12:15:18 7592 [Note] Shutting down plugin 'INNODB_CMPMEM'
2019-12-26 12:15:18 7592 [Note] Shutting down plugin 'INNODB_CMP_RESET'
2019-12-26 12:15:18 7592 [Note] Shutting down plugin 'INNODB_CMP'
2019-12-26 12:15:18 7592 [Note] Shutting down plugin 'INNODB_LOCK_WAITS'
2019-12-26 12:15:18 7592 [Note] Shutting down plugin 'INNODB_LOCKS'
2019-12-26 12:15:18 7592 [Note] Shutting down plugin 'INNODB_TRX'
2019-12-26 12:15:18 7592 [Note] Shutting down plugin 'InnoDB'
2019-12-26 12:15:18 7592 [Note] InnoDB: FTS optimize thread exiting.
2019-12-26 12:15:18 7592 [Note] InnoDB: Starting shutdown...
2019-12-26 12:15:19 7592 [Note] InnoDB: Shutdown completed; log sequence number 6544047
2019-12-26 12:15:19 7592 [Note] Shutting down plugin 'BLACKHOLE'
2019-12-26 12:15:19 7592 [Note] Shutting down plugin 'ARCHIVE'
2019-12-26 12:15:19 7592 [Note] Shutting down plugin 'MRG_MYISAM'
2019-12-26 12:15:19 7592 [Note] Shutting down plugin 'MyISAM'
2019-12-26 12:15:19 7592 [Note] Shutting down plugin 'MEMORY'
2019-12-26 12:15:19 7592 [Note] Shutting down plugin 'CSV'
2019-12-26 12:15:19 7592 [Note] Shutting down plugin 'sha256_password'
2019-12-26 12:15:19 7592 [Note] Shutting down plugin 'mysql_old_password'
2019-12-26 12:15:19 7592 [Note] Shutting down plugin 'mysql_native_password'
2019-12-26 12:15:19 7592 [Note] Shutting down plugin 'binlog'
2019-12-26 12:15:19 7592 [Note] C:\Users\Stephane\Desktop\picturaWebserver/mysql/bin/mysqld_usbwv8.exe: Shutdown complete

