2019-12-26 10:09:27 8368 [Note] Plugin 'FEDERATED' is disabled.
2019-12-26 10:09:27 8368 [Note] InnoDB: The InnoDB memory heap is disabled
2019-12-26 10:09:27 8368 [Note] InnoDB: Mutexes and rw_locks use Windows interlocked functions
2019-12-26 10:09:27 8368 [Note] InnoDB: Compressed tables use zlib 1.2.3
2019-12-26 10:09:27 8368 [Note] InnoDB: Not using CPU crc32 instructions
2019-12-26 10:09:27 8368 [Note] InnoDB: Initializing buffer pool, size = 128.0M
2019-12-26 10:09:27 8368 [Note] InnoDB: Completed initialization of buffer pool
2019-12-26 10:09:28 8368 [Note] InnoDB: Highest supported file format is Barracuda.
2019-12-26 10:09:28 8368 [Note] InnoDB: The log sequence numbers 6543977 and 6543977 in ibdata files do not match the log sequence number 6543987 in the ib_logfiles!
2019-12-26 10:09:28 8368 [Note] InnoDB: Database was not shutdown normally!
2019-12-26 10:09:28 8368 [Note] InnoDB: Starting crash recovery.
2019-12-26 10:09:28 8368 [Note] InnoDB: Reading tablespace information from the .ibd files...
2019-12-26 10:09:28 8368 [Note] InnoDB: Restoring possible half-written data pages 
2019-12-26 10:09:28 8368 [Note] InnoDB: from the doublewrite buffer...
2019-12-26 10:09:28 8368 [Note] InnoDB: 128 rollback segment(s) are active.
2019-12-26 10:09:28 8368 [Note] InnoDB: Waiting for purge to start
2019-12-26 10:09:28 8368 [Note] InnoDB: 5.6.13 started; log sequence number 6543987
2019-12-26 10:09:28 8368 [Note] Server hostname (bind-address): '*'; port: 3308
2019-12-26 10:09:28 8368 [Note] IPv6 is available.
2019-12-26 10:09:28 8368 [Note]   - '::' resolves to '::';
2019-12-26 10:09:28 8368 [Note] Server socket created on IP: '::'.
2019-12-26 10:54:10 1920 [Note] Plugin 'FEDERATED' is disabled.
2019-12-26 10:54:10 1920 [Note] InnoDB: The InnoDB memory heap is disabled
2019-12-26 10:54:10 1920 [Note] InnoDB: Mutexes and rw_locks use Windows interlocked functions
2019-12-26 10:54:10 1920 [Note] InnoDB: Compressed tables use zlib 1.2.3
2019-12-26 10:54:10 1920 [Note] InnoDB: Not using CPU crc32 instructions
2019-12-26 10:54:10 1920 [Note] InnoDB: Initializing buffer pool, size = 128.0M
2019-12-26 10:54:10 1920 [Note] InnoDB: Completed initialization of buffer pool
2019-12-26 10:54:15 1920 [Note] InnoDB: Highest supported file format is Barracuda.
2019-12-26 10:54:15 1920 [Note] InnoDB: The log sequence numbers 6543977 and 6543977 in ibdata files do not match the log sequence number 6543997 in the ib_logfiles!
2019-12-26 10:54:15 1920 [Note] InnoDB: Database was not shutdown normally!
2019-12-26 10:54:15 1920 [Note] InnoDB: Starting crash recovery.
2019-12-26 10:54:15 1920 [Note] InnoDB: Reading tablespace information from the .ibd files...
2019-12-26 10:54:15 1920 [Note] InnoDB: Restoring possible half-written data pages 
2019-12-26 10:54:15 1920 [Note] InnoDB: from the doublewrite buffer...
2019-12-26 10:54:15 1920 [Note] InnoDB: 128 rollback segment(s) are active.
2019-12-26 10:54:15 1920 [Note] InnoDB: Waiting for purge to start
2019-12-26 10:54:15 1920 [Note] InnoDB: 5.6.13 started; log sequence number 6543997
2019-12-26 10:54:15 1920 [Note] Server hostname (bind-address): '*'; port: 3308
2019-12-26 10:54:15 1920 [Note] IPv6 is available.
2019-12-26 10:54:15 1920 [Note]   - '::' resolves to '::';
2019-12-26 10:54:15 1920 [Note] Server socket created on IP: '::'.
2019-12-26 10:55:02 2772 [Note] Plugin 'FEDERATED' is disabled.
2019-12-26 10:55:02 2772 [Note] InnoDB: The InnoDB memory heap is disabled
2019-12-26 10:55:02 2772 [Note] InnoDB: Mutexes and rw_locks use Windows interlocked functions
2019-12-26 10:55:02 2772 [Note] InnoDB: Compressed tables use zlib 1.2.3
2019-12-26 10:55:02 2772 [Note] InnoDB: Not using CPU crc32 instructions
2019-12-26 10:55:02 2772 [Note] InnoDB: Initializing buffer pool, size = 128.0M
2019-12-26 10:55:02 2772 [Note] InnoDB: Completed initialization of buffer pool
2019-12-26 10:55:04 2772 [Note] InnoDB: Highest supported file format is Barracuda.
2019-12-26 10:55:04 2772 [Note] InnoDB: The log sequence numbers 6543977 and 6543977 in ibdata files do not match the log sequence number 6544007 in the ib_logfiles!
2019-12-26 10:55:04 2772 [Note] InnoDB: Database was not shutdown normally!
2019-12-26 10:55:04 2772 [Note] InnoDB: Starting crash recovery.
2019-12-26 10:55:04 2772 [Note] InnoDB: Reading tablespace information from the .ibd files...
2019-12-26 10:55:04 2772 [Note] InnoDB: Restoring possible half-written data pages 
2019-12-26 10:55:04 2772 [Note] InnoDB: from the doublewrite buffer...
2019-12-26 10:55:04 2772 [Note] InnoDB: 128 rollback segment(s) are active.
2019-12-26 10:55:04 2772 [Note] InnoDB: Waiting for purge to start
2019-12-26 10:55:04 2772 [Note] InnoDB: 5.6.13 started; log sequence number 6544007
2019-12-26 10:55:04 2772 [Note] Server hostname (bind-address): '*'; port: 3306
2019-12-26 10:55:04 2772 [Note] IPv6 is available.
2019-12-26 10:55:04 2772 [Note]   - '::' resolves to '::';
2019-12-26 10:55:04 2772 [Note] Server socket created on IP: '::'.
2019-12-26 11:04:54 9692 [Note] Plugin 'FEDERATED' is disabled.
2019-12-26 11:04:54 9692 [Note] InnoDB: The InnoDB memory heap is disabled
2019-12-26 11:04:54 9692 [Note] InnoDB: Mutexes and rw_locks use Windows interlocked functions
2019-12-26 11:04:54 9692 [Note] InnoDB: Compressed tables use zlib 1.2.3
2019-12-26 11:04:54 9692 [Note] InnoDB: Not using CPU crc32 instructions
2019-12-26 11:04:54 9692 [Note] InnoDB: Initializing buffer pool, size = 128.0M
2019-12-26 11:04:54 9692 [Note] InnoDB: Completed initialization of buffer pool
2019-12-26 11:04:56 9692 [Note] InnoDB: Highest supported file format is Barracuda.
2019-12-26 11:04:56 9692 [Note] InnoDB: The log sequence numbers 6543977 and 6543977 in ibdata files do not match the log sequence number 6544017 in the ib_logfiles!
2019-12-26 11:04:56 9692 [Note] InnoDB: Database was not shutdown normally!
2019-12-26 11:04:56 9692 [Note] InnoDB: Starting crash recovery.
2019-12-26 11:04:56 9692 [Note] InnoDB: Reading tablespace information from the .ibd files...
2019-12-26 11:04:56 9692 [Note] InnoDB: Restoring possible half-written data pages 
2019-12-26 11:04:56 9692 [Note] InnoDB: from the doublewrite buffer...
2019-12-26 11:04:57 9692 [Note] InnoDB: 128 rollback segment(s) are active.
2019-12-26 11:04:57 9692 [Note] InnoDB: Waiting for purge to start
2019-12-26 11:04:57 9692 [Note] InnoDB: 5.6.13 started; log sequence number 6544017
2019-12-26 11:04:57 9692 [Note] Server hostname (bind-address): '*'; port: 3306
2019-12-26 11:04:57 9692 [Note] IPv6 is available.
2019-12-26 11:04:57 9692 [Note]   - '::' resolves to '::';
2019-12-26 11:04:57 9692 [Note] Server socket created on IP: '::'.
2019-12-26 11:45:53 6668 [Note] Plugin 'FEDERATED' is disabled.
2019-12-26 11:45:53 6668 [Note] InnoDB: The InnoDB memory heap is disabled
2019-12-26 11:45:53 6668 [Note] InnoDB: Mutexes and rw_locks use Windows interlocked functions
2019-12-26 11:45:53 6668 [Note] InnoDB: Compressed tables use zlib 1.2.3
2019-12-26 11:45:53 6668 [Note] InnoDB: Not using CPU crc32 instructions
2019-12-26 11:45:53 6668 [Note] InnoDB: Initializing buffer pool, size = 128.0M
2019-12-26 11:45:53 6668 [Note] InnoDB: Completed initialization of buffer pool
2019-12-26 11:45:55 6668 [Note] InnoDB: Highest supported file format is Barracuda.
2019-12-26 11:45:55 6668 [Note] InnoDB: The log sequence numbers 6543977 and 6543977 in ibdata files do not match the log sequence number 6544027 in the ib_logfiles!
2019-12-26 11:45:55 6668 [Note] InnoDB: Database was not shutdown normally!
2019-12-26 11:45:55 6668 [Note] InnoDB: Starting crash recovery.
2019-12-26 11:45:55 6668 [Note] InnoDB: Reading tablespace information from the .ibd files...
2019-12-26 11:45:55 6668 [Note] InnoDB: Restoring possible half-written data pages 
2019-12-26 11:45:55 6668 [Note] InnoDB: from the doublewrite buffer...
2019-12-26 11:45:56 6668 [Note] InnoDB: 128 rollback segment(s) are active.
2019-12-26 11:45:56 6668 [Note] InnoDB: Waiting for purge to start
2019-12-26 11:45:56 6668 [Note] InnoDB: 5.6.13 started; log sequence number 6544027
2019-12-26 11:45:56 6668 [Note] Server hostname (bind-address): '*'; port: 3306
2019-12-26 11:45:56 6668 [Note] IPv6 is available.
2019-12-26 11:45:56 6668 [Note]   - '::' resolves to '::';
2019-12-26 11:45:56 6668 [Note] Server socket created on IP: '::'.
